     PID         DATE      TIME      ELAPSED    CPU    MEM       RSS     VSIZE       CMD
   27867   2021-04-25  19:01:32        00:00    0.0    0.0      7080   1952204  ./PerformanceAnalyze
   27867   2021-04-25  19:01:33        00:01    742    0.1     20760   3501932  ./PerformanceAnalyze
   27867   2021-04-25  19:01:34        00:02    791    0.1     20892   3501916  ./PerformanceAnalyze
   27867   2021-04-25  19:01:35        00:03    809    0.1     20892   3501916  ./PerformanceAnalyze
   27867   2021-04-25  19:01:36        00:04    811    0.1     20892   3501916  ./PerformanceAnalyze
   27867   2021-04-25  19:01:37        00:05    816    0.1     20892   3501916  ./PerformanceAnalyze
   27867   2021-04-25  19:01:38        00:06    812    0.1     32368   3610212  ./PerformanceAnalyze
   27867   2021-04-25  19:01:39        00:07    817    0.1     32372   3610196  ./PerformanceAnalyze
   27867   2021-04-25  19:01:41        00:09    726    0.1     32372   3610196  ./PerformanceAnalyze
   27867   2021-04-25  19:01:42        00:10    737    0.1     32372   3610196  ./PerformanceAnalyze
   27867   2021-04-25  19:01:43        00:11    745    0.1     32372   3610196  ./PerformanceAnalyze
   27867   2021-04-25  19:01:44        00:12    753    0.1     32396   3610212  ./PerformanceAnalyze
   27867   2021-04-25  19:01:45        00:13    759    0.1     32396   3610212  ./PerformanceAnalyze
   27867   2021-04-25  19:01:46        00:14    765    0.1     32396   3610196  ./PerformanceAnalyze
   27867   2021-04-25  19:01:47        00:15    770    0.1     32396   3610196  ./PerformanceAnalyze
   27867   2021-04-25  19:01:48        00:16    774    0.1     32396   3610196  ./PerformanceAnalyze
   27867   2021-04-25  19:01:49        00:17    778    0.1     32408   3610212  ./PerformanceAnalyze
   27867   2021-04-25  19:01:50        00:18    782    0.1     32408   3610212  ./PerformanceAnalyze
   27867   2021-04-25  19:01:51        00:19    786    0.1     32408   3610196  ./PerformanceAnalyze
   27867   2021-04-25  19:01:52        00:20    789    0.1     32408   3610196  ./PerformanceAnalyze
   27867   2021-04-25  19:01:53        00:21    792    0.1     32408   3610196  ./PerformanceAnalyze
   27867   2021-04-25  19:01:54        00:22    794    0.1     32408   3610196  ./PerformanceAnalyze
   27867   2021-04-25  19:01:55        00:23    796    0.1     32432   3609936  ./PerformanceAnalyze
   27867   2021-04-25  19:01:57        00:25    766    0.1     32432   3609936  ./PerformanceAnalyze
   27867   2021-04-25  19:01:58        00:26    769    0.1     32432   3609936  ./PerformanceAnalyze
   27867   2021-04-25  19:01:59        00:27    771    0.1     32432   3609936  ./PerformanceAnalyze
   27867   2021-04-25  19:02:00        00:28    774    0.1     32432   3609936  ./PerformanceAnalyze
   27867   2021-04-25  19:02:01        00:29    776    0.1     32432   3609936  ./PerformanceAnalyze
   27867   2021-04-25  19:02:02        00:30    779    0.1     32432   3609936  ./PerformanceAnalyze
   27867   2021-04-25  19:02:03        00:31    780    0.1     32464   3610212  ./PerformanceAnalyze
   27867   2021-04-25  19:02:04        00:32    782    0.1     32464   3610196  ./PerformanceAnalyze
   27867   2021-04-25  19:02:05        00:33    784    0.1     32464   3610196  ./PerformanceAnalyze
   27867   2021-04-25  19:02:06        00:34    785    0.1     32464   3610196  ./PerformanceAnalyze
   27867   2021-04-25  19:02:07        00:35    787    0.1     32464   3610196  ./PerformanceAnalyze
   27867   2021-04-25  19:02:08        00:36    789    0.1     32464   3610196  ./PerformanceAnalyze
   27867   2021-04-25  19:02:09        00:37    790    0.1     32752   3609936  ./PerformanceAnalyze
   27867   2021-04-25  19:02:10        00:38    791    0.1     32752   3609936  ./PerformanceAnalyze
   27867   2021-04-25  19:02:11        00:40    771    0.1     32752   3609936  ./PerformanceAnalyze
   27867   2021-04-25  19:02:13        00:41    773    0.1     32752   3609936  ./PerformanceAnalyze
   27867   2021-04-25  19:02:14        00:42    774    0.1     32752   3609936  ./PerformanceAnalyze
   27867   2021-04-25  19:02:15        00:43    776    0.1     32752   3609936  ./PerformanceAnalyze
   27867   2021-04-25  19:02:16        00:44    778    0.1     32752   3609936  ./PerformanceAnalyze
   27867   2021-04-25  19:02:17        00:45    778    0.1     32784   3609936  ./PerformanceAnalyze
   27867   2021-04-25  19:02:18        00:46    779    0.1     32784   3609936  ./PerformanceAnalyze
   27867   2021-04-25  19:02:19        00:47    780    0.1     32784   3609936  ./PerformanceAnalyze
   27867   2021-04-25  19:02:20        00:48    781    0.1     32784   3609936  ./PerformanceAnalyze
   27867   2021-04-25  19:02:21        00:49    782    0.1     32784   3609936  ./PerformanceAnalyze
   27867   2021-04-25  19:02:22        00:50    783    0.1     33152   3609920  ./PerformanceAnalyze
   27867   2021-04-25  19:02:23        00:51    783    0.1     33152   3609920  ./PerformanceAnalyze
   27867   2021-04-25  19:02:24        00:52    784    0.1     33160   3601724  ./PerformanceAnalyze
   27867   2021-04-25  19:02:25        00:53    785    0.1     33160   3601724  ./PerformanceAnalyze
   27867   2021-04-25  19:02:26        00:55    772    0.1     33160   3601724  ./PerformanceAnalyze
   27867   2021-04-25  19:02:28        00:56    773    0.1     33160   3601724  ./PerformanceAnalyze
   27867   2021-04-25  19:02:29        00:57    774    0.1     33160   3601724  ./PerformanceAnalyze
   27867   2021-04-25  19:02:30        00:58    775    0.1     33160   3601724  ./PerformanceAnalyze
   27867   2021-04-25  19:02:31        00:59    777    0.1     33192   3601724  ./PerformanceAnalyze
   27867   2021-04-25  19:02:32        01:00    778    0.1     33192   3601724  ./PerformanceAnalyze
   27867   2021-04-25  19:02:33        01:01    779    0.1     33192   3601724  ./PerformanceAnalyze
   27867   2021-04-25  19:02:34        01:02    780    0.1     33192   3601724  ./PerformanceAnalyze
   27867   2021-04-25  19:02:35        01:03    781    0.1     33192   3601724  ./PerformanceAnalyze
   27867   2021-04-25  19:02:36        01:04    782    0.1     33192   3601724  ./PerformanceAnalyze
   27867   2021-04-25  19:02:37        01:05    783    0.1     33192   3601724  ./PerformanceAnalyze
   27867   2021-04-25  19:02:38        01:06    785    0.1     33224   3601724  ./PerformanceAnalyze
   27867   2021-04-25  19:02:39        01:07    785    0.1     33224   3601724  ./PerformanceAnalyze
   27867   2021-04-25  19:02:40        01:08    786    0.1     33224   3601724  ./PerformanceAnalyze
   27867   2021-04-25  19:02:41        01:10    776    0.1     33224   3601724  ./PerformanceAnalyze
   27867   2021-04-25  19:02:43        01:11    777    0.1     33224   3601724  ./PerformanceAnalyze
   27867   2021-04-25  19:02:44        01:12    778    0.1     33224   3601724  ./PerformanceAnalyze
   27867   2021-04-25  19:02:45        01:13    774    0.1     33524   3577316  ./PerformanceAnalyze
   27867   2021-04-25  19:02:46        01:14    765    0.1     33524   3577316  ./PerformanceAnalyze
   27867   2021-04-25  19:02:47        01:15    756    0.1     33524   3577300  ./PerformanceAnalyze
   27867   2021-04-25  19:02:48        01:16    748    0.1     33524   3577300  ./PerformanceAnalyze
   27867   2021-04-25  19:02:49        01:17    739    0.1     33524   3577300  ./PerformanceAnalyze
   27867   2021-04-25  19:02:50        01:18    731    0.1     33524   3577300  ./PerformanceAnalyze
   27867   2021-04-25  19:02:51        01:19    723    0.1     33524   3577300  ./PerformanceAnalyze
   27867   2021-04-25  19:02:52        01:20    715    0.1     33524   3577300  ./PerformanceAnalyze
   27867   2021-04-25  19:02:53        01:21    708    0.1     33524   3577300  ./PerformanceAnalyze
   27867   2021-04-25  19:02:54        01:22    700    0.1     33524   3577300  ./PerformanceAnalyze
   27867   2021-04-25  19:02:55        01:23    693    0.1     33524   3577316  ./PerformanceAnalyze
   27867   2021-04-25  19:02:56        01:24    686    0.1     33524   3577316  ./PerformanceAnalyze
   27867   2021-04-25  19:02:57        01:25    679    0.1     33524   3577300  ./PerformanceAnalyze
   27867   2021-04-25  19:02:58        01:26    672    0.1     33524   3577300  ./PerformanceAnalyze
   27867   2021-04-25  19:02:59        01:27    666    0.1     33524   3577300  ./PerformanceAnalyze
   27867   2021-04-25  19:03:00        01:28    659    0.1     33524   3577316  ./PerformanceAnalyze
   27867   2021-04-25  19:03:01        01:29    653    0.1     33524   3577316  ./PerformanceAnalyze
   27867   2021-04-25  19:03:02        01:30    647    0.1     33524   3577300  ./PerformanceAnalyze
   27867   2021-04-25  19:03:03        01:31    641    0.1     33524   3577300  ./PerformanceAnalyze
   27867   2021-04-25  19:03:04        01:32    635    0.1     33524   3577300  ./PerformanceAnalyze
   27867   2021-04-25  19:03:05        01:33    629    0.1     33524   3577300  ./PerformanceAnalyze
   27867   2021-04-25  19:03:06        01:34    624    0.1     33524   3577300  ./PerformanceAnalyze
   27867   2021-04-25  19:03:07        01:35    618    0.1     33524   3577300  ./PerformanceAnalyze
   27867   2021-04-25  19:03:08        01:36    613    0.1     33524   3577300  ./PerformanceAnalyze
   27867   2021-04-25  19:03:09        01:37    608    0.1     33524   3577300  ./PerformanceAnalyze
   27867   2021-04-25  19:03:10        01:38    602    0.1     33524   3577300  ./PerformanceAnalyze
   27867   2021-04-25  19:03:11        01:39    597    0.1     33524   3577300  ./PerformanceAnalyze
   27867   2021-04-25  19:03:12        01:40    592    0.1     33524   3577300  ./PerformanceAnalyze
   27867   2021-04-25  19:03:13        01:41    589    1.4    299428   4203040  ./PerformanceAnalyze
   27867   2021-04-25  19:03:14        01:42    588    2.4    498212   4582052  ./PerformanceAnalyze
   27867   2021-04-25  19:03:15        01:43    587    4.7    961992   5237428  ./PerformanceAnalyze
   27867   2021-04-25  19:03:16        01:44    585    6.4   1283268   5892804  ./PerformanceAnalyze
   27867   2021-04-25  19:03:17        01:45    584    8.8   1765656   6154956  ./PerformanceAnalyze
   27867   2021-04-25  19:03:18        01:46    584    5.8   1171856   6417320  ./PerformanceAnalyze
   27867   2021-04-25  19:03:19        01:47    583    4.0    815368   5106568  ./PerformanceAnalyze
   27867   2021-04-25  19:03:20        01:48    582    4.6    937944   4713344  ./PerformanceAnalyze
   27867   2021-04-25  19:03:21        01:49    580    4.7    954576   4713344  ./PerformanceAnalyze
   27867   2021-04-25  19:03:22        01:50    579    4.0    814656   4451192  ./PerformanceAnalyze
   27867   2021-04-25  19:03:23        01:51    577    4.9    987516   4844424  ./PerformanceAnalyze
   27867   2021-04-25  19:03:24        01:52    576    6.0   1203416   5385144  ./PerformanceAnalyze
   27867   2021-04-25  19:03:25        01:54    569    4.0    815420   5254064  ./PerformanceAnalyze
   27867   2021-04-25  19:03:26        01:55    568    4.6    934992   4860840  ./PerformanceAnalyze
   27867   2021-04-25  19:03:28        01:56    567    4.7    955320   4860840  ./PerformanceAnalyze
   27867   2021-04-25  19:03:29        01:57    562    4.7    955320   4860824  ./PerformanceAnalyze
   27867   2021-04-25  19:03:30        01:58    561    4.0    815440   4598688  ./PerformanceAnalyze
   27867   2021-04-25  19:03:31        01:59    557    4.0    815440   4598672  ./PerformanceAnalyze
   27867   2021-04-25  19:03:32        02:00    554    4.0    816872   4819984  ./PerformanceAnalyze
   27867   2021-04-25  19:03:33        02:01    556    4.0    816872   4819984  ./PerformanceAnalyze
   27867   2021-04-25  19:03:34        02:02    559    4.0    816872   4819984  ./PerformanceAnalyze
   27867   2021-04-25  19:03:35        02:03    563    4.0    816872   4819984  ./PerformanceAnalyze
   27867   2021-04-25  19:03:36        02:04    565    4.0    816872   4819984  ./PerformanceAnalyze
   27867   2021-04-25  19:03:37        02:05    568    4.0    816872   4819984  ./PerformanceAnalyze
   27867   2021-04-25  19:03:38        02:06    570    4.0    817508   4819984  ./PerformanceAnalyze
   27867   2021-04-25  19:03:39        02:07    572    4.0    817508   4819984  ./PerformanceAnalyze
   27867   2021-04-25  19:03:41        02:09    570    4.0    817508   4819984  ./PerformanceAnalyze
   27867   2021-04-25  19:03:42        02:10    572    4.0    817508   4819984  ./PerformanceAnalyze
   27867   2021-04-25  19:03:43        02:11    574    4.0    817508   4819984  ./PerformanceAnalyze
   27867   2021-04-25  19:03:44        02:12    576    4.0    817508   4819984  ./PerformanceAnalyze
   27867   2021-04-25  19:03:45        02:13    579    4.0    817508   4819984  ./PerformanceAnalyze
   27867   2021-04-25  19:03:46        02:14    581    4.0    817508   4819984  ./PerformanceAnalyze
   27867   2021-04-25  19:03:47        02:15    583    4.0    817508   4819984  ./PerformanceAnalyze
   27867   2021-04-25  19:03:48        02:16    585    4.0    817508   4819984  ./PerformanceAnalyze
   27867   2021-04-25  19:03:49        02:17    586    4.4    885832   4951064  ./PerformanceAnalyze
   27867   2021-04-25  19:03:50        02:18    588    4.4    885832   4951064  ./PerformanceAnalyze
   27867   2021-04-25  19:03:51        02:19    590    4.4    885832   4951064  ./PerformanceAnalyze
   27867   2021-04-25  19:03:52        02:20    592    4.4    885832   4951064  ./PerformanceAnalyze
   27867   2021-04-25  19:03:53        02:21    594    4.4    891772   4951064  ./PerformanceAnalyze
   27867   2021-04-25  19:03:54        02:23    592    4.4    891772   4951064  ./PerformanceAnalyze
   27867   2021-04-25  19:03:56        02:24    594    5.0   1017104   5082144  ./PerformanceAnalyze
   27867   2021-04-25  19:03:57        02:25    595    5.0   1017104   5082144  ./PerformanceAnalyze
   27867   2021-04-25  19:03:58        02:26    597    5.0   1017104   5082144  ./PerformanceAnalyze
   27867   2021-04-25  19:03:59        02:27    599    5.7   1148424   5213224  ./PerformanceAnalyze
   27867   2021-04-25  19:04:00        02:28    601    5.7   1148424   5213224  ./PerformanceAnalyze
   27867   2021-04-25  19:04:01        02:29    602    5.7   1148424   5213224  ./PerformanceAnalyze
   27867   2021-04-25  19:04:02        02:30    604    6.3   1279260   5344304  ./PerformanceAnalyze
   27867   2021-04-25  19:04:03        02:31    606    6.3   1279260   5344304  ./PerformanceAnalyze
   27867   2021-04-25  19:04:04        02:32    607    6.3   1279260   5344304  ./PerformanceAnalyze
   27867   2021-04-25  19:04:05        02:33    609    6.3   1279260   5344304  ./PerformanceAnalyze
   27867   2021-04-25  19:04:06        02:34    610    6.3   1279260   5344304  ./PerformanceAnalyze
   27867   2021-04-25  19:04:07        02:35    612    6.4   1285172   5344304  ./PerformanceAnalyze
   27867   2021-04-25  19:04:08        02:36    613    6.4   1285240   5344288  ./PerformanceAnalyze
   27867   2021-04-25  19:04:10        02:38    611    6.4   1285240   5344288  ./PerformanceAnalyze
   27867   2021-04-25  19:04:11        02:39    613    6.4   1285240   5344288  ./PerformanceAnalyze
   27867   2021-04-25  19:04:12        02:40    614    6.4   1285240   5344288  ./PerformanceAnalyze
   27867   2021-04-25  19:04:13        02:41    616    6.9   1383144   5475368  ./PerformanceAnalyze
   27867   2021-04-25  19:04:14        02:42    617    7.0   1410600   5475368  ./PerformanceAnalyze
   27867   2021-04-25  19:04:15        02:43    619    7.0   1410600   5475368  ./PerformanceAnalyze
   27867   2021-04-25  19:04:16        02:44    620    7.0   1410600   5475368  ./PerformanceAnalyze
   27867   2021-04-25  19:04:17        02:45    622    7.0   1410600   5475368  ./PerformanceAnalyze
   27867   2021-04-25  19:04:18        02:46    623    7.0   1410600   5475368  ./PerformanceAnalyze
   27867   2021-04-25  19:04:19        02:47    624    7.0   1416324   5475352  ./PerformanceAnalyze
   27867   2021-04-25  19:04:20        02:48    626    7.0   1416552   5475320  ./PerformanceAnalyze
   27867   2021-04-25  19:04:21        02:49    627    7.0   1416552   5475320  ./PerformanceAnalyze
   27867   2021-04-25  19:04:22        02:50    628    7.0   1416552   5475320  ./PerformanceAnalyze
   27867   2021-04-25  19:04:24        02:52    626    7.0   1416552   5475320  ./PerformanceAnalyze
   27867   2021-04-25  19:04:25        02:53    627    7.0   1416552   5475320  ./PerformanceAnalyze
   27867   2021-04-25  19:04:26        02:54    629    7.0   1416552   5475320  ./PerformanceAnalyze
   27867   2021-04-25  19:04:27        02:55    630    7.0   1416552   5475336  ./PerformanceAnalyze
   27867   2021-04-25  19:04:28        02:56    631    7.0   1416552   5475336  ./PerformanceAnalyze
   27867   2021-04-25  19:04:29        02:57    632    7.0   1416552   5475336  ./PerformanceAnalyze
   27867   2021-04-25  19:04:30        02:58    634    7.5   1504652   5606416  ./PerformanceAnalyze
   27867   2021-04-25  19:04:31        02:59    635    7.6   1541876   5606416  ./PerformanceAnalyze
   27867   2021-04-25  19:04:32        03:00    636    7.6   1541876   5606416  ./PerformanceAnalyze
   27867   2021-04-25  19:04:33        03:01    637    7.6   1541876   5606416  ./PerformanceAnalyze
   27867   2021-04-25  19:04:34        03:02    638    7.6   1541876   5606416  ./PerformanceAnalyze
   27867   2021-04-25  19:04:35        03:03    640    7.6   1541876   5606416  ./PerformanceAnalyze
   27867   2021-04-25  19:04:36        03:04    641    7.7   1547596   5606416  ./PerformanceAnalyze
   27867   2021-04-25  19:04:37        03:06    638    7.7   1547596   5606416  ./PerformanceAnalyze
   27867   2021-04-25  19:04:39        03:07    640    7.7   1547596   5606416  ./PerformanceAnalyze
   27867   2021-04-25  19:04:40        03:08    641    7.7   1547596   5606416  ./PerformanceAnalyze
   27867   2021-04-25  19:04:41        03:09    642    7.7   1547596   5606416  ./PerformanceAnalyze
   27867   2021-04-25  19:04:42        03:10    643    7.7   1547596   5606416  ./PerformanceAnalyze
   27867   2021-04-25  19:04:43        03:11    644    7.7   1547596   5606416  ./PerformanceAnalyze
   27867   2021-04-25  19:04:44        03:12    645    7.7   1547596   5606416  ./PerformanceAnalyze
   27867   2021-04-25  19:04:45        03:13    646    7.7   1547596   5606416  ./PerformanceAnalyze
   27867   2021-04-25  19:04:46        03:14    647    7.7   1547596   5606416  ./PerformanceAnalyze
   27867   2021-04-25  19:04:47        03:15    648    7.7   1547596   5606416  ./PerformanceAnalyze
   27867   2021-04-25  19:04:48        03:16    649    7.7   1547596   5606416  ./PerformanceAnalyze
   27867   2021-04-25  19:04:49        03:17    649    0.0         0         0  [PerformanceAnal] <defunct>
