     PID         DATE      TIME      ELAPSED    CPU    MEM       RSS     VSIZE       CMD
    3552   2021-04-28  13:12:37        00:00    0.0    0.0      7132   1952204  ./PerformanceAnalyze
    3552   2021-04-28  13:12:38        00:02    374    0.1     20488   3501932  ./PerformanceAnalyze
    3552   2021-04-28  13:12:40        00:03    528    0.1     20560   3501916  ./PerformanceAnalyze
    3552   2021-04-28  13:12:41        00:04    605    0.1     20560   3501916  ./PerformanceAnalyze
    3552   2021-04-28  13:12:42        00:05    653    0.1     20560   3501916  ./PerformanceAnalyze
    3552   2021-04-28  13:12:43        00:06    680    0.1     20560   3501916  ./PerformanceAnalyze
    3552   2021-04-28  13:12:44        00:07    699    0.1     31784   3610212  ./PerformanceAnalyze
    3552   2021-04-28  13:12:45        00:08    716    0.1     31784   3610212  ./PerformanceAnalyze
    3552   2021-04-28  13:12:46        00:09    728    0.1     31788   3610196  ./PerformanceAnalyze
    3552   2021-04-28  13:12:47        00:10    741    0.1     31788   3610196  ./PerformanceAnalyze
    3552   2021-04-28  13:12:48        00:11    750    0.1     31788   3610196  ./PerformanceAnalyze
    3552   2021-04-28  13:12:49        00:12    757    0.1     31788   3610196  ./PerformanceAnalyze
    3552   2021-04-28  13:12:50        00:13    763    0.1     31812   3610212  ./PerformanceAnalyze
    3552   2021-04-28  13:12:51        00:14    765    0.1     31812   3610196  ./PerformanceAnalyze
    3552   2021-04-28  13:12:52        00:15    768    0.1     31812   3610196  ./PerformanceAnalyze
    3552   2021-04-28  13:12:53        00:16    772    0.1     31812   3610196  ./PerformanceAnalyze
    3552   2021-04-28  13:12:54        00:17    776    0.1     31812   3610196  ./PerformanceAnalyze
    3552   2021-04-28  13:12:55        00:18    779    0.1     31840   3610212  ./PerformanceAnalyze
    3552   2021-04-28  13:12:56        00:20    743    0.1     31840   3610212  ./PerformanceAnalyze
    3552   2021-04-28  13:12:58        00:21    747    0.1     31840   3610196  ./PerformanceAnalyze
    3552   2021-04-28  13:12:59        00:22    751    0.1     31840   3610196  ./PerformanceAnalyze
    3552   2021-04-28  13:13:00        00:23    754    0.1     31840   3610196  ./PerformanceAnalyze
    3552   2021-04-28  13:13:01        00:24    758    0.1     31840   3610196  ./PerformanceAnalyze
    3552   2021-04-28  13:13:02        00:25    762    0.1     31840   3610196  ./PerformanceAnalyze
    3552   2021-04-28  13:13:03        00:26    765    0.1     31864   3609936  ./PerformanceAnalyze
    3552   2021-04-28  13:13:04        00:27    768    0.1     31864   3609936  ./PerformanceAnalyze
    3552   2021-04-28  13:13:05        00:28    769    0.1     31864   3609936  ./PerformanceAnalyze
    3552   2021-04-28  13:13:06        00:29    770    0.1     31864   3609936  ./PerformanceAnalyze
    3552   2021-04-28  13:13:07        00:30    772    0.1     31864   3609936  ./PerformanceAnalyze
    3552   2021-04-28  13:13:08        00:31    774    0.1     31864   3609936  ./PerformanceAnalyze
    3552   2021-04-28  13:13:09        00:32    777    0.1     31864   3609936  ./PerformanceAnalyze
    3552   2021-04-28  13:13:10        00:33    778    0.1     31896   3610212  ./PerformanceAnalyze
    3552   2021-04-28  13:13:11        00:34    781    0.1     31896   3610196  ./PerformanceAnalyze
    3552   2021-04-28  13:13:12        00:35    782    0.1     31896   3610196  ./PerformanceAnalyze
    3552   2021-04-28  13:13:14        00:37    763    0.1     31896   3610196  ./PerformanceAnalyze
    3552   2021-04-28  13:13:15        00:38    765    0.1     31896   3610196  ./PerformanceAnalyze
    3552   2021-04-28  13:13:16        00:39    767    0.1     31896   3610196  ./PerformanceAnalyze
    3552   2021-04-28  13:13:17        00:40    769    0.1     31896   3610196  ./PerformanceAnalyze
    3552   2021-04-28  13:13:18        00:41    770    0.1     32184   3609936  ./PerformanceAnalyze
    3552   2021-04-28  13:13:19        00:42    772    0.1     32184   3609936  ./PerformanceAnalyze
    3552   2021-04-28  13:13:20        00:43    774    0.1     32184   3609936  ./PerformanceAnalyze
    3552   2021-04-28  13:13:21        00:44    775    0.1     32184   3609936  ./PerformanceAnalyze
    3552   2021-04-28  13:13:22        00:45    776    0.1     32184   3609936  ./PerformanceAnalyze
    3552   2021-04-28  13:13:23        00:46    777    0.1     32184   3609936  ./PerformanceAnalyze
    3552   2021-04-28  13:13:24        00:47    778    0.1     32184   3609936  ./PerformanceAnalyze
    3552   2021-04-28  13:13:25        00:48    779    0.1     32216   3609936  ./PerformanceAnalyze
    3552   2021-04-28  13:13:26        00:49    781    0.1     32216   3609936  ./PerformanceAnalyze
    3552   2021-04-28  13:13:27        00:50    782    0.1     32216   3609936  ./PerformanceAnalyze
    3552   2021-04-28  13:13:28        00:51    783    0.1     32216   3609936  ./PerformanceAnalyze
    3552   2021-04-28  13:13:29        00:53    769    0.1     32216   3609936  ./PerformanceAnalyze
    3552   2021-04-28  13:13:31        00:54    770    0.1     32584   3609920  ./PerformanceAnalyze
    3552   2021-04-28  13:13:32        00:55    772    0.1     32584   3609920  ./PerformanceAnalyze
    3552   2021-04-28  13:13:33        00:56    773    0.1     32592   3601724  ./PerformanceAnalyze
    3552   2021-04-28  13:13:34        00:57    774    0.1     32592   3601724  ./PerformanceAnalyze
    3552   2021-04-28  13:13:35        00:58    775    0.1     32592   3601724  ./PerformanceAnalyze
    3552   2021-04-28  13:13:36        00:59    777    0.1     32592   3601724  ./PerformanceAnalyze
    3552   2021-04-28  13:13:37        01:00    778    0.1     32592   3601724  ./PerformanceAnalyze
    3552   2021-04-28  13:13:38        01:01    778    0.1     32592   3601724  ./PerformanceAnalyze
    3552   2021-04-28  13:13:39        01:02    779    0.1     32592   3601724  ./PerformanceAnalyze
    3552   2021-04-28  13:13:40        01:03    779    0.1     32624   3601724  ./PerformanceAnalyze
    3552   2021-04-28  13:13:41        01:04    779    0.1     32624   3601724  ./PerformanceAnalyze
    3552   2021-04-28  13:13:42        01:05    780    0.1     32624   3601724  ./PerformanceAnalyze
    3552   2021-04-28  13:13:43        01:06    781    0.1     32624   3601724  ./PerformanceAnalyze
    3552   2021-04-28  13:13:44        01:07    782    0.1     32624   3601724  ./PerformanceAnalyze
    3552   2021-04-28  13:13:45        01:08    783    0.1     32624   3601724  ./PerformanceAnalyze
    3552   2021-04-28  13:13:46        01:10    773    0.1     32624   3601724  ./PerformanceAnalyze
    3552   2021-04-28  13:13:48        01:11    774    0.1     32656   3601724  ./PerformanceAnalyze
    3552   2021-04-28  13:13:49        01:12    775    0.1     32656   3601724  ./PerformanceAnalyze
    3552   2021-04-28  13:13:50        01:13    775    0.1     32656   3601724  ./PerformanceAnalyze
    3552   2021-04-28  13:13:51        01:14    776    0.1     32656   3601724  ./PerformanceAnalyze
    3552   2021-04-28  13:13:52        01:15    777    0.1     32656   3601724  ./PerformanceAnalyze
    3552   2021-04-28  13:13:53        01:16    778    0.1     32656   3601724  ./PerformanceAnalyze
    3552   2021-04-28  13:13:54        01:17    779    0.1     32656   3601724  ./PerformanceAnalyze
    3552   2021-04-28  13:13:55        01:18    775    0.1     32960   3577316  ./PerformanceAnalyze
    3552   2021-04-28  13:13:56        01:19    767    0.1     32960   3577316  ./PerformanceAnalyze
    3552   2021-04-28  13:13:57        01:20    759    0.1     32960   3577300  ./PerformanceAnalyze
    3552   2021-04-28  13:13:58        01:21    750    0.1     32960   3577300  ./PerformanceAnalyze
    3552   2021-04-28  13:13:59        01:22    742    0.1     32960   3577300  ./PerformanceAnalyze
    3552   2021-04-28  13:14:00        01:23    735    0.1     32960   3577300  ./PerformanceAnalyze
    3552   2021-04-28  13:14:01        01:24    727    0.1     32960   3577300  ./PerformanceAnalyze
    3552   2021-04-28  13:14:02        01:25    720    0.1     32960   3577300  ./PerformanceAnalyze
    3552   2021-04-28  13:14:03        01:26    713    0.1     32960   3577300  ./PerformanceAnalyze
    3552   2021-04-28  13:14:04        01:27    706    0.1     32960   3577300  ./PerformanceAnalyze
    3552   2021-04-28  13:14:05        01:28    699    0.1     32960   3577316  ./PerformanceAnalyze
    3552   2021-04-28  13:14:06        01:29    692    0.1     32960   3577316  ./PerformanceAnalyze
    3552   2021-04-28  13:14:07        01:30    685    0.1     32960   3577300  ./PerformanceAnalyze
    3552   2021-04-28  13:14:08        01:31    679    0.1     32960   3577300  ./PerformanceAnalyze
    3552   2021-04-28  13:14:09        01:32    673    0.1     32960   3577300  ./PerformanceAnalyze
    3552   2021-04-28  13:14:10        01:33    667    0.1     32960   3577316  ./PerformanceAnalyze
    3552   2021-04-28  13:14:11        01:34    661    0.1     32960   3577316  ./PerformanceAnalyze
    3552   2021-04-28  13:14:12        01:35    655    0.1     32960   3577300  ./PerformanceAnalyze
    3552   2021-04-28  13:14:13        01:36    649    0.1     32960   3577300  ./PerformanceAnalyze
    3552   2021-04-28  13:14:14        01:37    643    0.1     32960   3577300  ./PerformanceAnalyze
    3552   2021-04-28  13:14:15        01:38    638    0.1     32960   3577300  ./PerformanceAnalyze
    3552   2021-04-28  13:14:16        01:39    632    0.1     32960   3577300  ./PerformanceAnalyze
    3552   2021-04-28  13:14:17        01:40    627    0.1     32960   3577300  ./PerformanceAnalyze
    3552   2021-04-28  13:14:18        01:41    622    0.1     32960   3577300  ./PerformanceAnalyze
    3552   2021-04-28  13:14:19        01:42    617    0.1     32960   3577300  ./PerformanceAnalyze
    3552   2021-04-28  13:14:20        01:43    612    0.1     32960   3577300  ./PerformanceAnalyze
    3552   2021-04-28  13:14:21        01:44    607    0.1     32960   3577300  ./PerformanceAnalyze
    3552   2021-04-28  13:14:22        01:45    602    0.1     32960   3577300  ./PerformanceAnalyze
    3552   2021-04-28  13:14:23        01:46    600    2.1    426888   4508304  ./PerformanceAnalyze
    3552   2021-04-28  13:14:24        01:47    597    3.1    631476   4770456  ./PerformanceAnalyze
    3552   2021-04-28  13:14:25        01:48    597    4.9    994256   5237428  ./PerformanceAnalyze
    3552   2021-04-28  13:14:26        01:49    595    7.3   1464464   5892992  ./PerformanceAnalyze
    3552   2021-04-28  13:14:27        01:51    589    8.9   1796840   6155144  ./PerformanceAnalyze
    3552   2021-04-28  13:14:28        01:52    587    5.8   1172564   6417448  ./PerformanceAnalyze
    3552   2021-04-28  13:14:30        01:53    585    4.0    814536   5106696  ./PerformanceAnalyze
    3552   2021-04-28  13:14:31        01:54    582    4.0    814536   5106696  ./PerformanceAnalyze
    3552   2021-04-28  13:14:32        01:55    582    4.7    954912   4713472  ./PerformanceAnalyze
    3552   2021-04-28  13:14:33        01:56    580    4.0    814996   4451320  ./PerformanceAnalyze
    3552   2021-04-28  13:14:34        01:57    578    4.1    823176   4582400  ./PerformanceAnalyze
    3552   2021-04-28  13:14:35        01:58    578    5.9   1188000   5237776  ./PerformanceAnalyze
    3552   2021-04-28  13:14:36        01:59    577    4.0    815320   5106696  ./PerformanceAnalyze
    3552   2021-04-28  13:14:37        02:00    576    4.6    924080   4713472  ./PerformanceAnalyze
    3552   2021-04-28  13:14:38        02:01    575    4.7    955232   4787220  ./PerformanceAnalyze
    3552   2021-04-28  13:14:39        02:02    575    4.0    815324   4525068  ./PerformanceAnalyze
    3552   2021-04-28  13:14:40        02:03    572    4.0    816188   4525120  ./PerformanceAnalyze
    3552   2021-04-28  13:14:41        02:04    567    4.0    816772   4525120  ./PerformanceAnalyze
    3552   2021-04-28  13:14:42        02:05    569    4.0    816772   4525120  ./PerformanceAnalyze
    3552   2021-04-28  13:14:43        02:06    571    4.0    816772   4525120  ./PerformanceAnalyze
    3552   2021-04-28  13:14:44        02:07    574    4.0    816772   4525120  ./PerformanceAnalyze
    3552   2021-04-28  13:14:45        02:08    576    4.0    816964   4525120  ./PerformanceAnalyze
    3552   2021-04-28  13:14:46        02:09    578    4.0    816964   4525120  ./PerformanceAnalyze
    3552   2021-04-28  13:14:47        02:10    580    4.0    816964   4525120  ./PerformanceAnalyze
    3552   2021-04-28  13:14:48        02:11    582    4.0    816964   4525120  ./PerformanceAnalyze
    3552   2021-04-28  13:14:49        02:12    584    4.0    816964   4525120  ./PerformanceAnalyze
    3552   2021-04-28  13:14:50        02:13    585    4.0    816964   4525120  ./PerformanceAnalyze
    3552   2021-04-28  13:14:51        02:14    587    4.0    816964   4525120  ./PerformanceAnalyze
    3552   2021-04-28  13:14:52        02:16    585    4.0    816964   4525120  ./PerformanceAnalyze
    3552   2021-04-28  13:14:54        02:17    587    4.0    816964   4525120  ./PerformanceAnalyze
    3552   2021-04-28  13:14:55        02:18    588    4.0    816964   4525120  ./PerformanceAnalyze
    3552   2021-04-28  13:14:56        02:19    590    4.0    816964   4525120  ./PerformanceAnalyze
    3552   2021-04-28  13:14:57        02:20    592    4.0    817072   4525088  ./PerformanceAnalyze
    3552   2021-04-28  13:14:58        02:21    594    4.0    817072   4525088  ./PerformanceAnalyze
    3552   2021-04-28  13:14:59        02:22    596    4.0    817072   4525088  ./PerformanceAnalyze
    3552   2021-04-28  13:15:00        02:23    598    4.0    817072   4525088  ./PerformanceAnalyze
    3552   2021-04-28  13:15:01        02:24    599    4.6    934700   4803696  ./PerformanceAnalyze
    3552   2021-04-28  13:15:02        02:25    601    5.3   1065996   5065856  ./PerformanceAnalyze
    3552   2021-04-28  13:15:03        02:26    602    5.3   1065996   5065856  ./PerformanceAnalyze
    3552   2021-04-28  13:15:04        02:27    604    5.3   1065996   5065856  ./PerformanceAnalyze
    3552   2021-04-28  13:15:05        02:28    605    5.3   1066092   5065840  ./PerformanceAnalyze
    3552   2021-04-28  13:15:06        02:29    607    5.3   1071976   5065840  ./PerformanceAnalyze
    3552   2021-04-28  13:15:08        02:31    604    5.3   1071976   5065840  ./PerformanceAnalyze
    3552   2021-04-28  13:15:09        02:32    606    5.3   1071976   5065840  ./PerformanceAnalyze
    3552   2021-04-28  13:15:10        02:33    607    5.3   1071976   5065840  ./PerformanceAnalyze
    3552   2021-04-28  13:15:11        02:34    609    5.3   1071976   5065840  ./PerformanceAnalyze
    3552   2021-04-28  13:15:12        02:35    610    5.3   1071976   5065840  ./PerformanceAnalyze
    3552   2021-04-28  13:15:13        02:36    611    5.3   1071976   5065840  ./PerformanceAnalyze
    3552   2021-04-28  13:15:14        02:37    613    5.3   1071976   5065840  ./PerformanceAnalyze
    3552   2021-04-28  13:15:15        02:38    614    5.3   1071976   5065840  ./PerformanceAnalyze
    3552   2021-04-28  13:15:16        02:39    616    5.9   1197100   5196920  ./PerformanceAnalyze
    3552   2021-04-28  13:15:17        02:40    617    5.9   1197100   5196920  ./PerformanceAnalyze
    3552   2021-04-28  13:15:18        02:41    619    5.9   1197100   5196920  ./PerformanceAnalyze
    3552   2021-04-28  13:15:19        02:42    620    5.9   1197100   5196920  ./PerformanceAnalyze
    3552   2021-04-28  13:15:20        02:43    621    6.0   1203024   5196920  ./PerformanceAnalyze
    3552   2021-04-28  13:15:21        02:44    623    6.0   1203024   5196920  ./PerformanceAnalyze
    3552   2021-04-28  13:15:23        02:46    620    6.0   1203024   5196920  ./PerformanceAnalyze
    3552   2021-04-28  13:15:24        02:47    622    6.6   1328372   5328000  ./PerformanceAnalyze
    3552   2021-04-28  13:15:25        02:48    623    6.6   1334072   5328000  ./PerformanceAnalyze
    3552   2021-04-28  13:15:26        02:49    624    7.2   1459380   5459080  ./PerformanceAnalyze
    3552   2021-04-28  13:15:27        02:50    625    7.2   1459380   5459080  ./PerformanceAnalyze
    3552   2021-04-28  13:15:28        02:51    627    7.9   1590748   5590160  ./PerformanceAnalyze
    3552   2021-04-28  13:15:29        02:52    628    7.9   1590748   5590160  ./PerformanceAnalyze
    3552   2021-04-28  13:15:30        02:53    629    7.9   1590748   5590160  ./PerformanceAnalyze
    3552   2021-04-28  13:15:31        02:54    630    7.9   1590748   5590160  ./PerformanceAnalyze
    3552   2021-04-28  13:15:32        02:55    631    7.9   1590748   5590160  ./PerformanceAnalyze
    3552   2021-04-28  13:15:33        02:56    632    7.9   1590748   5590160  ./PerformanceAnalyze
    3552   2021-04-28  13:15:34        02:57    634    7.9   1590748   5590160  ./PerformanceAnalyze
    3552   2021-04-28  13:15:35        02:58    635    7.9   1590748   5590160  ./PerformanceAnalyze
    3552   2021-04-28  13:15:36        02:59    636    7.9   1596452   5590160  ./PerformanceAnalyze
    3552   2021-04-28  13:15:38        03:01    634    7.9   1596452   5590160  ./PerformanceAnalyze
    3552   2021-04-28  13:15:39        03:02    635    7.9   1596452   5590160  ./PerformanceAnalyze
    3552   2021-04-28  13:15:40        03:03    636    7.9   1596452   5590160  ./PerformanceAnalyze
    3552   2021-04-28  13:15:41        03:04    637    7.9   1596452   5590160  ./PerformanceAnalyze
    3552   2021-04-28  13:15:42        03:05    638    7.9   1596900   5590160  ./PerformanceAnalyze
    3552   2021-04-28  13:15:43        03:06    639    7.9   1596900   5590160  ./PerformanceAnalyze
    3552   2021-04-28  13:15:44        03:07    637    0.0         0         0  [PerformanceAnal] <defunct>
