     PID         DATE      TIME      ELAPSED    CPU    MEM       RSS     VSIZE       CMD
   32436   2021-04-25  19:31:56        00:00    0.0    0.0       992      3692       ./C
   32436   2021-04-25  19:31:57        00:01    102    0.0       992      3692       ./C
   32436   2021-04-25  19:31:58        00:02    101    0.0       992      3692       ./C
   32436   2021-04-25  19:31:59        00:03    101    0.0       992      3692       ./C
   32436   2021-04-25  19:32:00        00:04    101    0.0       992      3692       ./C
   32436   2021-04-25  19:32:01        00:05    101    0.0       992      3692       ./C
   32436   2021-04-25  19:32:02        00:06    101    0.0       992      3692       ./C
   32436   2021-04-25  19:32:03        00:07    101    0.0       992      3692       ./C
   32436   2021-04-25  19:32:04        00:08    101    0.0       992      3692       ./C
   32436   2021-04-25  19:32:05        00:09    101    0.0       992      3692       ./C
   32436   2021-04-25  19:32:06        00:10    101    0.0       992      3692       ./C
   32436   2021-04-25  19:32:07        00:11    101    0.0       992      3692       ./C
   32436   2021-04-25  19:32:08        00:12    101    0.0       992      3692       ./C
   32436   2021-04-25  19:32:09        00:13    101    0.0       992      3692       ./C
   32436   2021-04-25  19:32:10        00:14    101    0.0       992      3692       ./C
   32436   2021-04-25  19:32:11        00:15    101    0.0       992      3692       ./C
   32436   2021-04-25  19:32:12        00:16    101    0.0       992      3692       ./C
   32436   2021-04-25  19:32:13        00:17    101    0.0       992      3692       ./C
   32436   2021-04-25  19:32:14        00:18    101    0.0       992      3692       ./C
   32436   2021-04-25  19:32:15        00:19    101    0.0       992      3692       ./C
   32436   2021-04-25  19:32:16        00:20    101    0.0       992      3692       ./C
   32436   2021-04-25  19:32:17        00:21    101    0.0       992      3692       ./C
   32436   2021-04-25  19:32:18        00:22    101    0.0       992      3692       ./C
   32436   2021-04-25  19:32:19        00:23    101    0.0       992      3692       ./C
   32436   2021-04-25  19:32:20        00:24    101    0.0       992      3692       ./C
   32436   2021-04-25  19:32:21        00:25    101    0.0       992      3692       ./C
   32436   2021-04-25  19:32:22        00:26    101    0.0       992      3692       ./C
   32436   2021-04-25  19:32:23        00:27    101    0.0       992      3692       ./C
   32436   2021-04-25  19:32:24        00:28    101    0.0       992      3692       ./C
   32436   2021-04-25  19:32:25        00:29    101    0.0       992      3692       ./C
   32436   2021-04-25  19:32:26        00:30    101    0.0       992      3692       ./C
   32436   2021-04-25  19:32:27        00:31    101    0.0       992      3692       ./C
   32436   2021-04-25  19:32:28        00:32    101    0.0       992      3692       ./C
   32436   2021-04-25  19:32:29        00:33    101    0.0       992      3692       ./C
   32436   2021-04-25  19:32:30        00:34    101    0.0       992      3692       ./C
   32436   2021-04-25  19:32:31        00:35    101    0.0       992      3692       ./C
   32436   2021-04-25  19:32:32        00:36    101    0.0       992      3692       ./C
   32436   2021-04-25  19:32:33        00:37    101    0.0       992      3692       ./C
   32436   2021-04-25  19:32:34        00:38    101    0.0       992      3692       ./C
   32436   2021-04-25  19:32:35        00:39    101    0.0       992      3692       ./C
   32436   2021-04-25  19:32:36        00:40    101    0.0       992      3692       ./C
   32436   2021-04-25  19:32:37        00:41    101    0.0       992      3692       ./C
   32436   2021-04-25  19:32:38        00:42    101    0.0       992      3692       ./C
   32436   2021-04-25  19:32:39        00:43    101    0.0      1992      3872       ./C
   32436   2021-04-25  19:32:40        00:44    101    0.0      1992      3872       ./C
   32436   2021-04-25  19:32:41        00:45    101    0.0      1992      3872       ./C
   32436   2021-04-25  19:32:42        00:46    101    0.0      1992      3872       ./C
   32436   2021-04-25  19:32:43        00:47    101    0.0      1992      3872       ./C
   32436   2021-04-25  19:32:44        00:48    101    0.0      1992      3872       ./C
   32436   2021-04-25  19:32:45        00:49    101    0.0      1992      3872       ./C
   32436   2021-04-25  19:32:46        00:50    101    0.0      1992      3872       ./C
   32436   2021-04-25  19:32:47        00:51    101    0.0      1992      3872       ./C
   32436   2021-04-25  19:32:48        00:52    101    0.0      1992      3872       ./C
   32436   2021-04-25  19:32:49        00:53    101    0.0      1992      3872       ./C
   32436   2021-04-25  19:32:50        00:54    101    0.1     34392     36644       ./C
   32436   2021-04-25  19:32:51        00:55    101    0.6    127240    129100       ./C
   32436   2021-04-25  19:32:52        00:56    101    0.6    128072    130100       ./C
   32436   2021-04-25  19:32:53        00:57    101    0.6    128072    130100       ./C
   32436   2021-04-25  19:32:54        00:58    101    0.6    124368    126008       ./C
   32436   2021-04-25  19:32:55        00:59    101    0.6    124368    126008       ./C
   32436   2021-04-25  19:32:56        01:00    101    0.6    124368    126008       ./C
   32436   2021-04-25  19:32:57        01:01    101    0.1     20336     23404       ./C
   32436   2021-04-25  19:32:58        01:03   99.7    0.6    128144    130112       ./C
   32436   2021-04-25  19:32:59        01:04   99.7    0.6    128144    130112       ./C
   32436   2021-04-25  19:33:00        01:05   99.8    0.6    128332    130112       ./C
   32436   2021-04-25  19:33:02        01:06   99.8    0.6    124376    126016       ./C
   32436   2021-04-25  19:33:03        01:07   99.8    0.6    124376    126016       ./C
   32436   2021-04-25  19:33:04        01:08   99.8    0.6    124376    126016       ./C
   32436   2021-04-25  19:33:05        01:09   99.8    0.6    124376    126016       ./C
   32436   2021-04-25  19:33:06        01:10   99.9    0.6    128152    130116       ./C
   32436   2021-04-25  19:33:07        01:11   99.9    0.6    128152    130116       ./C
   32436   2021-04-25  19:33:08        01:12   99.9    0.6    128340    130116       ./C
   32436   2021-04-25  19:33:09        01:13   99.9    0.6    128340    130116       ./C
   32436   2021-04-25  19:33:10        01:14    100    0.6    124384    126024       ./C
   32436   2021-04-25  19:33:11        01:15    100    0.6    124384    126024       ./C
   32436   2021-04-25  19:33:12        01:16    100    0.6    124384    126024       ./C
   32436   2021-04-25  19:33:13        01:17    100    0.6    128156    130124       ./C
   32436   2021-04-25  19:33:14        01:18    100    0.6    128156    130124       ./C
   32436   2021-04-25  19:33:15        01:19    100    0.6    128344    130124       ./C
   32436   2021-04-25  19:33:16        01:20    100    0.6    128344    130124       ./C
   32436   2021-04-25  19:33:17        01:21    100    0.6    124388    126028       ./C
   32436   2021-04-25  19:33:18        01:22    100    0.6    124388    126028       ./C
   32436   2021-04-25  19:33:19        01:23    100    0.6    124388    126028       ./C
   32436   2021-04-25  19:33:20        01:24    100    0.6    128160    130128       ./C
   32436   2021-04-25  19:33:21        01:25    100    0.6    128160    130128       ./C
   32436   2021-04-25  19:33:22        01:26    100    0.6    128348    130128       ./C
   32436   2021-04-25  19:33:23        01:27    100    0.6    128348    130128       ./C
   32436   2021-04-25  19:33:24        01:28    100    0.6    124392    126032       ./C
   32436   2021-04-25  19:33:25        01:29    100    0.6    124392    126032       ./C
   32436   2021-04-25  19:33:26        01:30    100    0.6    124392    126032       ./C
   32436   2021-04-25  19:33:27        01:31    100    0.4     90372    138112       ./C
   32436   2021-04-25  19:33:28        01:32    100    0.6    128164    130132       ./C
   32436   2021-04-25  19:33:29        01:33    100    0.6    128352    130132       ./C
   32436   2021-04-25  19:33:30        01:34    100    0.6    128352    130132       ./C
   32436   2021-04-25  19:33:31        01:35    100    0.6    124396    126036       ./C
   32436   2021-04-25  19:33:32        01:36    100    0.6    124396    126036       ./C
   32436   2021-04-25  19:33:33        01:37    100    0.6    124396    126036       ./C
   32436   2021-04-25  19:33:34        01:38    100    0.1     37544     72580       ./C
   32436   2021-04-25  19:33:35        01:39    100    0.6    128168    130136       ./C
   32436   2021-04-25  19:33:36        01:40    100    0.6    128168    130136       ./C
   32436   2021-04-25  19:33:37        01:41    100    0.6    128356    130136       ./C
   32436   2021-04-25  19:33:38        01:42    100    0.6    124400    126040       ./C
   32436   2021-04-25  19:33:39        01:43    100    0.6    124400    126040       ./C
   32436   2021-04-25  19:33:40        01:44    100    0.6    124400    126040       ./C
   32436   2021-04-25  19:33:41        01:45    100    0.6    124400    126040       ./C
   32436   2021-04-25  19:33:42        01:46    100    0.6    128172    130140       ./C
   32436   2021-04-25  19:33:43        01:47    100    0.6    128172    130140       ./C
   32436   2021-04-25  19:33:44        01:48    100    0.6    128360    130140       ./C
   32436   2021-04-25  19:33:45        01:49    100    0.6    128360    130140       ./C
   32436   2021-04-25  19:33:46        01:50    100    0.6    124404    126044       ./C
   32436   2021-04-25  19:33:47        01:51    100    0.6    124404    126044       ./C
   32436   2021-04-25  19:33:48        01:52    100    0.6    124404    126044       ./C
   32436   2021-04-25  19:33:49        01:53    100    0.6    128176    130144       ./C
   32436   2021-04-25  19:33:50        01:54    100    0.6    128176    130144       ./C
   32436   2021-04-25  19:33:51        01:55    100    0.6    128364    130144       ./C
   32436   2021-04-25  19:33:52        01:56    100    0.6    128364    130144       ./C
   32436   2021-04-25  19:33:53        01:57    100    0.6    124408    126048       ./C
   32436   2021-04-25  19:33:54        01:58    100    0.6    124408    126048       ./C
   32436   2021-04-25  19:33:55        01:59    100    0.6    124408    126048       ./C
   32436   2021-04-25  19:33:56        02:00    100    0.6    128180    130148       ./C
   32436   2021-04-25  19:33:57        02:01    100    0.6    128180    130148       ./C
   32436   2021-04-25  19:33:58        02:02    100    0.6    128368    130148       ./C
   32436   2021-04-25  19:33:59        02:03    100    0.6    128368    130148       ./C
   32436   2021-04-25  19:34:00        02:04    100    0.6    124412    126052       ./C
   32436   2021-04-25  19:34:01        02:05    100    0.6    124412    126052       ./C
   32436   2021-04-25  19:34:02        02:06    100    0.6    124412    126052       ./C
   32436   2021-04-25  19:34:03        02:07    100    0.0         0         0  [C] <defunct>
