     PID         DATE      TIME      ELAPSED    CPU    MEM       RSS     VSIZE       CMD
    5511   2021-04-28  13:24:59        00:00    0.0    0.0       996      3692       ./C
    5511   2021-04-28  13:25:00        00:01    101    0.0       996      3692       ./C
    5511   2021-04-28  13:25:01        00:02    101    0.0       996      3692       ./C
    5511   2021-04-28  13:25:02        00:03    101    0.0       996      3692       ./C
    5511   2021-04-28  13:25:03        00:04    101    0.0       996      3692       ./C
    5511   2021-04-28  13:25:04        00:05    101    0.0       996      3692       ./C
    5511   2021-04-28  13:25:05        00:06    101    0.0       996      3692       ./C
    5511   2021-04-28  13:25:06        00:07    101    0.0       996      3692       ./C
    5511   2021-04-28  13:25:07        00:08    101    0.0       996      3692       ./C
    5511   2021-04-28  13:25:08        00:09    101    0.0       996      3692       ./C
    5511   2021-04-28  13:25:09        00:10    101    0.0       996      3692       ./C
    5511   2021-04-28  13:25:10        00:11    101    0.0       996      3692       ./C
    5511   2021-04-28  13:25:11        00:12    101    0.0       996      3692       ./C
    5511   2021-04-28  13:25:12        00:13    101    0.0       996      3692       ./C
    5511   2021-04-28  13:25:13        00:14    101    0.0       996      3692       ./C
    5511   2021-04-28  13:25:14        00:15    101    0.0       996      3692       ./C
    5511   2021-04-28  13:25:15        00:16    101    0.0       996      3692       ./C
    5511   2021-04-28  13:25:16        00:17    101    0.0       996      3692       ./C
    5511   2021-04-28  13:25:17        00:18    101    0.0       996      3692       ./C
    5511   2021-04-28  13:25:18        00:19    101    0.0       996      3692       ./C
    5511   2021-04-28  13:25:19        00:20    101    0.0       996      3692       ./C
    5511   2021-04-28  13:25:20        00:21    101    0.0       996      3692       ./C
    5511   2021-04-28  13:25:21        00:22    101    0.0       996      3692       ./C
    5511   2021-04-28  13:25:22        00:23    101    0.0       996      3692       ./C
    5511   2021-04-28  13:25:23        00:24    101    0.0       996      3692       ./C
    5511   2021-04-28  13:25:24        00:26   97.4    0.0       996      3692       ./C
    5511   2021-04-28  13:25:25        00:27   97.5    0.0       996      3692       ./C
    5511   2021-04-28  13:25:27        00:28   97.7    0.0       996      3692       ./C
    5511   2021-04-28  13:25:28        00:29   97.8    0.0       996      3692       ./C
    5511   2021-04-28  13:25:29        00:30   97.9    0.0       996      3692       ./C
    5511   2021-04-28  13:25:30        00:31   98.0    0.0       996      3692       ./C
    5511   2021-04-28  13:25:31        00:32   98.1    0.0       996      3692       ./C
    5511   2021-04-28  13:25:32        00:33   98.2    0.0       996      3692       ./C
    5511   2021-04-28  13:25:33        00:34   98.3    0.0       996      3692       ./C
    5511   2021-04-28  13:25:34        00:35   98.4    0.0       996      3692       ./C
    5511   2021-04-28  13:25:35        00:36   98.5    0.0       996      3692       ./C
    5511   2021-04-28  13:25:36        00:37   98.5    0.0       996      3692       ./C
    5511   2021-04-28  13:25:37        00:38   98.6    0.0       996      3692       ./C
    5511   2021-04-28  13:25:38        00:39   98.7    0.0       996      3692       ./C
    5511   2021-04-28  13:25:39        00:40   98.7    0.0       996      3692       ./C
    5511   2021-04-28  13:25:40        00:41   98.8    0.0       996      3692       ./C
    5511   2021-04-28  13:25:41        00:42   98.8    0.0       996      3692       ./C
    5511   2021-04-28  13:25:42        00:43   98.9    0.0       996      3692       ./C
    5511   2021-04-28  13:25:43        00:44   99.0    0.0       996      3692       ./C
    5511   2021-04-28  13:25:44        00:45   99.0    0.0       996      3692       ./C
    5511   2021-04-28  13:25:45        00:46   99.0    0.0      2024      3872       ./C
    5511   2021-04-28  13:25:46        00:47   99.1    0.0      2024      3872       ./C
    5511   2021-04-28  13:25:47        00:48   99.1    0.0      2024      3872       ./C
    5511   2021-04-28  13:25:48        00:49   99.2    0.0      2024      3872       ./C
    5511   2021-04-28  13:25:49        00:50   99.2    0.0      2024      3872       ./C
    5511   2021-04-28  13:25:50        00:51   99.2    0.0      2024      3872       ./C
    5511   2021-04-28  13:25:51        00:52   99.3    0.0      2024      3872       ./C
    5511   2021-04-28  13:25:52        00:53   99.3    0.0      2024      3872       ./C
    5511   2021-04-28  13:25:53        00:54   99.3    0.0      2024      3872       ./C
    5511   2021-04-28  13:25:54        00:55   99.4    0.0      2024      3872       ./C
    5511   2021-04-28  13:25:55        00:56   99.4    0.0      2024      3872       ./C
    5511   2021-04-28  13:25:56        00:57   99.4    0.6    127268    129100       ./C
    5511   2021-04-28  13:25:57        00:58   99.5    0.6    127268    129100       ./C
    5511   2021-04-28  13:25:58        00:59   99.5    0.6    128100    130100       ./C
    5511   2021-04-28  13:25:59        01:00   99.5    0.6    124396    126008       ./C
    5511   2021-04-28  13:26:00        01:01   99.6    0.6    124396    126008       ./C
    5511   2021-04-28  13:26:01        01:02   99.6    0.6    124396    126008       ./C
    5511   2021-04-28  13:26:02        01:03   99.6    0.6    128172    130112       ./C
    5511   2021-04-28  13:26:03        01:04   99.6    0.6    128172    130112       ./C
    5511   2021-04-28  13:26:04        01:05   99.7    0.6    128360    130112       ./C
    5511   2021-04-28  13:26:05        01:06   99.7    0.6    128360    130112       ./C
    5511   2021-04-28  13:26:06        01:07   99.7    0.6    124404    126016       ./C
    5511   2021-04-28  13:26:07        01:08   99.7    0.6    124404    126016       ./C
    5511   2021-04-28  13:26:08        01:09   99.7    0.6    124404    126016       ./C
    5511   2021-04-28  13:26:09        01:10   99.8    0.6    128180    130116       ./C
    5511   2021-04-28  13:26:10        01:11   99.8    0.6    128180    130116       ./C
    5511   2021-04-28  13:26:11        01:12   99.8    0.6    128368    130116       ./C
    5511   2021-04-28  13:26:12        01:13   99.8    0.6    124412    126024       ./C
    5511   2021-04-28  13:26:13        01:14   99.8    0.6    124412    126024       ./C
    5511   2021-04-28  13:26:14        01:15   99.9    0.6    124412    126024       ./C
    5511   2021-04-28  13:26:15        01:16   99.9    0.4     99632    138104       ./C
    5511   2021-04-28  13:26:16        01:17   99.9    0.6    128184    130124       ./C
    5511   2021-04-28  13:26:17        01:18   99.9    0.6    128372    130124       ./C
    5511   2021-04-28  13:26:18        01:19   99.9    0.6    128372    130124       ./C
    5511   2021-04-28  13:26:19        01:20    100    0.6    124416    126028       ./C
    5511   2021-04-28  13:26:20        01:21    100    0.6    124416    126028       ./C
    5511   2021-04-28  13:26:21        01:22    100    0.6    124416    126028       ./C
    5511   2021-04-28  13:26:22        01:23    100    0.6    128188    130128       ./C
    5511   2021-04-28  13:26:23        01:24    100    0.6    128188    130128       ./C
    5511   2021-04-28  13:26:24        01:25    100    0.6    128376    130128       ./C
    5511   2021-04-28  13:26:25        01:26    100    0.6    128376    130128       ./C
    5511   2021-04-28  13:26:26        01:27    100    0.6    124420    126032       ./C
    5511   2021-04-28  13:26:27        01:28    100    0.6    124420    126032       ./C
    5511   2021-04-28  13:26:28        01:29    100    0.6    124420    126032       ./C
    5511   2021-04-28  13:26:29        01:30    100    0.6    128192    130132       ./C
    5511   2021-04-28  13:26:30        01:31    100    0.6    128192    130132       ./C
    5511   2021-04-28  13:26:31        01:32    100    0.6    128380    130132       ./C
    5511   2021-04-28  13:26:32        01:33    100    0.6    124424    126036       ./C
    5511   2021-04-28  13:26:33        01:34    100    0.6    124424    126036       ./C
    5511   2021-04-28  13:26:34        01:35    100    0.6    124424    126036       ./C
    5511   2021-04-28  13:26:35        01:36    100    0.6    128196    130136       ./C
    5511   2021-04-28  13:26:36        01:37    100    0.6    128196    130136       ./C
    5511   2021-04-28  13:26:37        01:38    100    0.6    128384    130136       ./C
    5511   2021-04-28  13:26:38        01:39    100    0.6    128384    130136       ./C
    5511   2021-04-28  13:26:39        01:40    100    0.6    124428    126040       ./C
    5511   2021-04-28  13:26:40        01:42   99.3    0.6    124428    126040       ./C
    5511   2021-04-28  13:26:41        01:43   99.3    0.6    124428    126040       ./C
    5511   2021-04-28  13:26:43        01:44   99.3    0.6    128200    130140       ./C
    5511   2021-04-28  13:26:44        01:45   99.3    0.6    128200    130140       ./C
    5511   2021-04-28  13:26:45        01:46   99.3    0.6    128388    130140       ./C
    5511   2021-04-28  13:26:46        01:47   99.4    0.6    124432    126044       ./C
    5511   2021-04-28  13:26:47        01:48   99.4    0.6    124432    126044       ./C
    5511   2021-04-28  13:26:48        01:49   99.4    0.6    124432    126044       ./C
    5511   2021-04-28  13:26:49        01:50   99.4    0.1     32284     39820       ./C
    5511   2021-04-28  13:26:50        01:51   99.4    0.6    128204    130144       ./C
    5511   2021-04-28  13:26:51        01:52   99.5    0.6    128392    130144       ./C
    5511   2021-04-28  13:26:52        01:53   99.5    0.6    128392    130144       ./C
    5511   2021-04-28  13:26:53        01:54   99.5    0.6    124436    126048       ./C
    5511   2021-04-28  13:26:54        01:55   99.5    0.6    124436    126048       ./C
    5511   2021-04-28  13:26:55        01:56   99.5    0.6    124436    126048       ./C
    5511   2021-04-28  13:26:56        01:57   99.5    0.6    128208    130148       ./C
    5511   2021-04-28  13:26:57        01:58   99.5    0.6    128208    130148       ./C
    5511   2021-04-28  13:26:58        01:59   99.6    0.6    128396    130148       ./C
    5511   2021-04-28  13:26:59        02:00   99.6    0.6    128396    130148       ./C
    5511   2021-04-28  13:27:00        02:01   99.6    0.6    124440    126052       ./C
    5511   2021-04-28  13:27:01        02:02   99.6    0.6    124440    126052       ./C
    5511   2021-04-28  13:27:02        02:03   99.6    0.6    124440    126052       ./C
    5511   2021-04-28  13:27:03        02:04   98.9    0.0         0         0  [C] <defunct>
