     PID         DATE      TIME      ELAPSED    CPU    MEM       RSS     VSIZE       CMD
   29679   2021-04-25  19:15:26        00:00    0.0    0.0     18428   7215980  java -jar PerformanceAnalyze.jar
   29679   2021-04-25  19:15:27        00:01    821    0.1     26700   8350848  java -jar PerformanceAnalyze.jar
   29679   2021-04-25  19:15:28        00:02    824    0.1     26700   8350848  java -jar PerformanceAnalyze.jar
   29679   2021-04-25  19:15:29        00:03    823    0.1     26700   8350848  java -jar PerformanceAnalyze.jar
   29679   2021-04-25  19:15:30        00:04    830    0.1     26700   8350848  java -jar PerformanceAnalyze.jar
   29679   2021-04-25  19:15:31        00:05    827    0.1     26700   8350848  java -jar PerformanceAnalyze.jar
   29679   2021-04-25  19:15:32        00:06    832    0.1     26964   8350848  java -jar PerformanceAnalyze.jar
   29679   2021-04-25  19:15:33        00:08    729    0.1     26964   8350848  java -jar PerformanceAnalyze.jar
   29679   2021-04-25  19:15:35        00:09    744    0.1     26964   8350848  java -jar PerformanceAnalyze.jar
   29679   2021-04-25  19:15:36        00:10    740    0.1     33232   8350848  java -jar PerformanceAnalyze.jar
   29679   2021-04-25  19:15:37        00:11    749    0.1     33232   8350848  java -jar PerformanceAnalyze.jar
   29679   2021-04-25  19:15:38        00:12    754    0.1     33232   8350848  java -jar PerformanceAnalyze.jar
   29679   2021-04-25  19:15:39        00:13    755    0.1     33232   8350848  java -jar PerformanceAnalyze.jar
   29679   2021-04-25  19:15:40        00:14    759    0.1     33232   8350848  java -jar PerformanceAnalyze.jar
   29679   2021-04-25  19:15:41        00:15    763    0.1     33232   8350848  java -jar PerformanceAnalyze.jar
   29679   2021-04-25  19:15:42        00:16    768    0.1     33232   8350848  java -jar PerformanceAnalyze.jar
   29679   2021-04-25  19:15:43        00:17    772    0.1     33232   8350848  java -jar PerformanceAnalyze.jar
   29679   2021-04-25  19:15:44        00:18    776    0.1     33232   8350848  java -jar PerformanceAnalyze.jar
   29679   2021-04-25  19:15:45        00:19    776    0.1     33272   8350848  java -jar PerformanceAnalyze.jar
   29679   2021-04-25  19:15:46        00:20    780    0.1     33272   8350848  java -jar PerformanceAnalyze.jar
   29679   2021-04-25  19:15:47        00:21    783    0.1     33272   8350848  java -jar PerformanceAnalyze.jar
   29679   2021-04-25  19:15:48        00:22    786    0.1     33272   8350848  java -jar PerformanceAnalyze.jar
   29679   2021-04-25  19:15:49        00:23    790    0.1     33272   8350848  java -jar PerformanceAnalyze.jar
   29679   2021-04-25  19:15:51        00:25    760    0.1     33272   8350848  java -jar PerformanceAnalyze.jar
   29679   2021-04-25  19:15:52        00:26    763    0.1     33272   8350848  java -jar PerformanceAnalyze.jar
   29679   2021-04-25  19:15:53        00:27    766    0.1     33272   8350848  java -jar PerformanceAnalyze.jar
   29679   2021-04-25  19:15:54        00:28    767    0.1     33272   8350848  java -jar PerformanceAnalyze.jar
   29679   2021-04-25  19:15:55        00:29    769    0.1     33272   8350848  java -jar PerformanceAnalyze.jar
   29679   2021-04-25  19:15:56        00:30    772    0.1     33272   8350848  java -jar PerformanceAnalyze.jar
   29679   2021-04-25  19:15:57        00:31    769    0.1     33304   8350848  java -jar PerformanceAnalyze.jar
   29679   2021-04-25  19:15:58        00:32    772    0.1     34096   8350848  java -jar PerformanceAnalyze.jar
   29679   2021-04-25  19:15:59        00:33    774    0.1     34096   8350848  java -jar PerformanceAnalyze.jar
   29679   2021-04-25  19:16:00        00:34    776    0.1     34096   8350848  java -jar PerformanceAnalyze.jar
   29679   2021-04-25  19:16:01        00:35    778    0.1     34096   8350848  java -jar PerformanceAnalyze.jar
   29679   2021-04-25  19:16:02        00:36    779    0.1     34096   8350848  java -jar PerformanceAnalyze.jar
   29679   2021-04-25  19:16:03        00:37    780    0.1     34096   8350848  java -jar PerformanceAnalyze.jar
   29679   2021-04-25  19:16:04        00:38    781    0.1     35440   8350848  java -jar PerformanceAnalyze.jar
   29679   2021-04-25  19:16:05        00:40    763    0.1     35440   8350848  java -jar PerformanceAnalyze.jar
   29679   2021-04-25  19:16:07        00:41    765    0.1     34784   8350848  java -jar PerformanceAnalyze.jar
   29679   2021-04-25  19:16:08        00:42    767    0.1     34788   8350848  java -jar PerformanceAnalyze.jar
   29679   2021-04-25  19:16:09        00:43    766    0.1     34820   8350848  java -jar PerformanceAnalyze.jar
   29679   2021-04-25  19:16:10        00:44    768    0.1     34820   8350848  java -jar PerformanceAnalyze.jar
   29679   2021-04-25  19:16:11        00:45    770    0.1     34820   8350848  java -jar PerformanceAnalyze.jar
   29679   2021-04-25  19:16:12        00:46    771    0.1     34820   8350848  java -jar PerformanceAnalyze.jar
   29679   2021-04-25  19:16:13        00:47    773    0.1     34820   8350848  java -jar PerformanceAnalyze.jar
   29679   2021-04-25  19:16:14        00:48    774    0.1     34820   8350848  java -jar PerformanceAnalyze.jar
   29679   2021-04-25  19:16:15        00:49    776    0.1     34820   8350848  java -jar PerformanceAnalyze.jar
   29679   2021-04-25  19:16:16        00:50    777    0.1     34820   8350848  java -jar PerformanceAnalyze.jar
   29679   2021-04-25  19:16:17        00:51    779    0.1     34820   8350848  java -jar PerformanceAnalyze.jar
   29679   2021-04-25  19:16:18        00:52    780    0.1     34820   8350848  java -jar PerformanceAnalyze.jar
   29679   2021-04-25  19:16:19        00:53    779    0.1     34852   8350848  java -jar PerformanceAnalyze.jar
   29679   2021-04-25  19:16:20        00:54    781    0.1     34852   8350848  java -jar PerformanceAnalyze.jar
   29679   2021-04-25  19:16:21        00:56    768    0.1     34852   8350848  java -jar PerformanceAnalyze.jar
   29679   2021-04-25  19:16:23        00:57    769    0.1     34852   8350848  java -jar PerformanceAnalyze.jar
   29679   2021-04-25  19:16:24        00:58    770    0.1     34852   8350848  java -jar PerformanceAnalyze.jar
   29679   2021-04-25  19:16:25        00:59    771    0.1     34852   8350848  java -jar PerformanceAnalyze.jar
   29679   2021-04-25  19:16:26        01:00    772    0.1     34852   8350848  java -jar PerformanceAnalyze.jar
   29679   2021-04-25  19:16:27        01:01    773    0.1     34852   8350848  java -jar PerformanceAnalyze.jar
   29679   2021-04-25  19:16:28        01:02    774    0.1     34852   8350848  java -jar PerformanceAnalyze.jar
   29679   2021-04-25  19:16:29        01:03    775    0.1     34852   8350848  java -jar PerformanceAnalyze.jar
   29679   2021-04-25  19:16:30        01:04    776    0.1     34852   8350848  java -jar PerformanceAnalyze.jar
   29679   2021-04-25  19:16:31        01:05    775    0.1     34884   8350848  java -jar PerformanceAnalyze.jar
   29679   2021-04-25  19:16:32        01:06    776    0.1     34884   8350848  java -jar PerformanceAnalyze.jar
   29679   2021-04-25  19:16:33        01:07    777    0.1     34884   8350848  java -jar PerformanceAnalyze.jar
   29679   2021-04-25  19:16:34        01:08    778    0.1     34884   8350848  java -jar PerformanceAnalyze.jar
   29679   2021-04-25  19:16:35        01:09    779    0.1     34884   8350848  java -jar PerformanceAnalyze.jar
   29679   2021-04-25  19:16:36        01:10    779    0.1     34884   8350848  java -jar PerformanceAnalyze.jar
   29679   2021-04-25  19:16:37        01:12    769    0.1     34884   8350848  java -jar PerformanceAnalyze.jar
   29679   2021-04-25  19:16:39        01:13    770    0.1     34884   8350848  java -jar PerformanceAnalyze.jar
   29679   2021-04-25  19:16:40        01:14    771    0.1     34884   8350848  java -jar PerformanceAnalyze.jar
   29679   2021-04-25  19:16:41        01:15    772    0.1     34884   8350848  java -jar PerformanceAnalyze.jar
   29679   2021-04-25  19:16:42        01:16    772    0.1     34884   8350848  java -jar PerformanceAnalyze.jar
   29679   2021-04-25  19:16:43        01:17    771    0.1     34916   8350848  java -jar PerformanceAnalyze.jar
   29679   2021-04-25  19:16:44        01:18    772    0.1     34916   8350848  java -jar PerformanceAnalyze.jar
   29679   2021-04-25  19:16:45        01:19    772    0.1     34916   8350848  java -jar PerformanceAnalyze.jar
   29679   2021-04-25  19:16:46        01:20    773    0.1     34916   8350848  java -jar PerformanceAnalyze.jar
   29679   2021-04-25  19:16:47        01:21    774    0.1     34916   8350848  java -jar PerformanceAnalyze.jar
   29679   2021-04-25  19:16:48        01:22    774    0.1     34916   8350848  java -jar PerformanceAnalyze.jar
   29679   2021-04-25  19:16:49        01:23    775    0.1     34916   8350848  java -jar PerformanceAnalyze.jar
   29679   2021-04-25  19:16:50        01:24    776    0.1     34916   8350848  java -jar PerformanceAnalyze.jar
   29679   2021-04-25  19:16:51        01:25    777    0.1     34916   8350848  java -jar PerformanceAnalyze.jar
   29679   2021-04-25  19:16:52        01:26    778    0.1     34916   8350848  java -jar PerformanceAnalyze.jar
   29679   2021-04-25  19:16:53        01:27    778    0.1     34916   8350848  java -jar PerformanceAnalyze.jar
   29679   2021-04-25  19:16:55        01:29    769    0.1     34952   8350848  java -jar PerformanceAnalyze.jar
   29679   2021-04-25  19:16:56        01:30    770    0.1     34952   8350848  java -jar PerformanceAnalyze.jar
   29679   2021-04-25  19:16:57        01:31    771    0.1     34952   8350848  java -jar PerformanceAnalyze.jar
   29679   2021-04-25  19:16:58        01:32    772    0.1     34952   8350848  java -jar PerformanceAnalyze.jar
   29679   2021-04-25  19:16:59        01:33    773    0.1     34952   8350848  java -jar PerformanceAnalyze.jar
   29679   2021-04-25  19:17:00        01:34    773    0.1     34952   8350848  java -jar PerformanceAnalyze.jar
   29679   2021-04-25  19:17:01        01:35    774    0.1     34952   8350848  java -jar PerformanceAnalyze.jar
   29679   2021-04-25  19:17:02        01:36    775    0.1     34952   8350848  java -jar PerformanceAnalyze.jar
   29679   2021-04-25  19:17:03        01:37    776    0.1     34952   8350848  java -jar PerformanceAnalyze.jar
   29679   2021-04-25  19:17:04        01:38    777    0.1     34952   8350848  java -jar PerformanceAnalyze.jar
   29679   2021-04-25  19:17:05        01:39    776    0.1     34984   8350848  java -jar PerformanceAnalyze.jar
   29679   2021-04-25  19:17:06        01:40    776    0.1     34984   8350848  java -jar PerformanceAnalyze.jar
   29679   2021-04-25  19:17:07        01:41    777    0.1     34984   8350848  java -jar PerformanceAnalyze.jar
   29679   2021-04-25  19:17:08        01:42    778    0.1     34984   8350848  java -jar PerformanceAnalyze.jar
   29679   2021-04-25  19:17:09        01:44    771    0.1     34984   8350848  java -jar PerformanceAnalyze.jar
   29679   2021-04-25  19:17:11        01:45    772    0.1     34984   8350848  java -jar PerformanceAnalyze.jar
   29679   2021-04-25  19:17:12        01:46    773    0.1     34984   8350848  java -jar PerformanceAnalyze.jar
   29679   2021-04-25  19:17:13        01:47    773    0.1     34984   8350848  java -jar PerformanceAnalyze.jar
   29679   2021-04-25  19:17:14        01:48    774    0.1     34984   8350848  java -jar PerformanceAnalyze.jar
   29679   2021-04-25  19:17:15        01:49    775    0.1     34984   8350848  java -jar PerformanceAnalyze.jar
   29679   2021-04-25  19:17:16        01:50    775    0.1     34984   8350848  java -jar PerformanceAnalyze.jar
   29679   2021-04-25  19:17:17        01:51    775    0.1     35020   8350848  java -jar PerformanceAnalyze.jar
   29679   2021-04-25  19:17:18        01:52    775    0.1     35020   8350848  java -jar PerformanceAnalyze.jar
   29679   2021-04-25  19:17:19        01:53    776    0.1     35020   8350848  java -jar PerformanceAnalyze.jar
   29679   2021-04-25  19:17:20        01:54    777    0.1     35020   8350848  java -jar PerformanceAnalyze.jar
   29679   2021-04-25  19:17:21        01:55    777    0.1     35020   8350848  java -jar PerformanceAnalyze.jar
   29679   2021-04-25  19:17:22        01:56    778    0.1     35020   8350848  java -jar PerformanceAnalyze.jar
   29679   2021-04-25  19:17:23        01:57    778    0.1     35020   8350848  java -jar PerformanceAnalyze.jar
   29679   2021-04-25  19:17:24        01:58    779    0.1     35020   8350848  java -jar PerformanceAnalyze.jar
   29679   2021-04-25  19:17:25        02:00    773    0.1     35020   8350848  java -jar PerformanceAnalyze.jar
   29679   2021-04-25  19:17:27        02:01    774    0.1     35020   8350848  java -jar PerformanceAnalyze.jar
   29679   2021-04-25  19:17:28        02:02    774    0.1     35036   8350848  java -jar PerformanceAnalyze.jar
   29679   2021-04-25  19:17:29        02:03    769    0.1     35816   8350848  java -jar PerformanceAnalyze.jar
   29679   2021-04-25  19:17:30        02:04    763    0.1     35816   8350848  java -jar PerformanceAnalyze.jar
   29679   2021-04-25  19:17:31        02:05    758    0.1     35816   8350848  java -jar PerformanceAnalyze.jar
   29679   2021-04-25  19:17:32        02:06    753    0.1     35372   8350848  java -jar PerformanceAnalyze.jar
   29679   2021-04-25  19:17:33        02:07    748    0.1     35696   8350848  java -jar PerformanceAnalyze.jar
   29679   2021-04-25  19:17:34        02:08    742    0.1     35696   8350848  java -jar PerformanceAnalyze.jar
   29679   2021-04-25  19:17:35        02:09    737    0.1     35696   8350848  java -jar PerformanceAnalyze.jar
   29679   2021-04-25  19:17:36        02:10    733    0.1     35696   8350848  java -jar PerformanceAnalyze.jar
   29679   2021-04-25  19:17:37        02:11    728    0.1     35696   8350848  java -jar PerformanceAnalyze.jar
   29679   2021-04-25  19:17:38        02:12    723    0.1     35696   8350848  java -jar PerformanceAnalyze.jar
   29679   2021-04-25  19:17:39        02:13    718    0.1     35696   8350848  java -jar PerformanceAnalyze.jar
   29679   2021-04-25  19:17:40        02:14    714    0.1     35696   8350848  java -jar PerformanceAnalyze.jar
   29679   2021-04-25  19:17:41        02:15    709    0.1     35696   8350848  java -jar PerformanceAnalyze.jar
   29679   2021-04-25  19:17:42        02:16    705    0.1     35696   8350848  java -jar PerformanceAnalyze.jar
   29679   2021-04-25  19:17:43        02:17    700    0.1     35696   8350848  java -jar PerformanceAnalyze.jar
   29679   2021-04-25  19:17:44        02:18    696    0.1     35696   8350848  java -jar PerformanceAnalyze.jar
   29679   2021-04-25  19:17:45        02:19    692    0.1     35696   8350848  java -jar PerformanceAnalyze.jar
   29679   2021-04-25  19:17:46        02:20    687    0.1     35696   8350848  java -jar PerformanceAnalyze.jar
   29679   2021-04-25  19:17:47        02:21    683    0.1     35696   8350848  java -jar PerformanceAnalyze.jar
   29679   2021-04-25  19:17:48        02:22    679    0.1     35696   8350848  java -jar PerformanceAnalyze.jar
   29679   2021-04-25  19:17:49        02:23    675    0.1     35696   8350848  java -jar PerformanceAnalyze.jar
   29679   2021-04-25  19:17:50        02:24    671    0.1     35696   8350848  java -jar PerformanceAnalyze.jar
   29679   2021-04-25  19:17:51        02:25    667    0.1     35696   8350848  java -jar PerformanceAnalyze.jar
   29679   2021-04-25  19:17:52        02:26    663    0.1     35696   8350848  java -jar PerformanceAnalyze.jar
   29679   2021-04-25  19:17:53        02:27    660    0.1     35696   8350848  java -jar PerformanceAnalyze.jar
   29679   2021-04-25  19:17:54        02:28    656    0.1     35696   8350848  java -jar PerformanceAnalyze.jar
   29679   2021-04-25  19:17:55        02:29    652    0.1     35696   8350848  java -jar PerformanceAnalyze.jar
   29679   2021-04-25  19:17:56        02:30    648    0.1     35696   8350848  java -jar PerformanceAnalyze.jar
   29679   2021-04-25  19:17:57        02:31    645    0.1     35696   8350848  java -jar PerformanceAnalyze.jar
   29679   2021-04-25  19:17:58        02:32    641    0.1     35696   8350848  java -jar PerformanceAnalyze.jar
   29679   2021-04-25  19:17:59        02:33    638    0.1     35696   8350848  java -jar PerformanceAnalyze.jar
   29679   2021-04-25  19:18:00        02:34    634    0.1     35696   8350848  java -jar PerformanceAnalyze.jar
   29679   2021-04-25  19:18:01        02:35    631    0.1     35696   8350848  java -jar PerformanceAnalyze.jar
   29679   2021-04-25  19:18:02        02:36    627    0.1     35696   8350848  java -jar PerformanceAnalyze.jar
   29679   2021-04-25  19:18:03        02:37    624    0.1     35696   8350848  java -jar PerformanceAnalyze.jar
   29679   2021-04-25  19:18:04        02:38    621    0.1     35696   8350848  java -jar PerformanceAnalyze.jar
   29679   2021-04-25  19:18:05        02:39    617    0.1     35696   8350848  java -jar PerformanceAnalyze.jar
   29679   2021-04-25  19:18:06        02:40    614    0.1     35696   8350848  java -jar PerformanceAnalyze.jar
   29679   2021-04-25  19:18:07        02:41    611    0.1     35696   8350848  java -jar PerformanceAnalyze.jar
   29679   2021-04-25  19:18:08        02:42    608    0.1     35696   8350848  java -jar PerformanceAnalyze.jar
   29679   2021-04-25  19:18:09        02:43    605    0.1     35696   8350848  java -jar PerformanceAnalyze.jar
   29679   2021-04-25  19:18:10        02:44    602    0.1     35696   8350848  java -jar PerformanceAnalyze.jar
   29679   2021-04-25  19:18:11        02:45    600    0.2     41624   8350848  java -jar PerformanceAnalyze.jar
   29679   2021-04-25  19:18:12        02:46    599    0.2     45176   8750232  java -jar PerformanceAnalyze.jar
   29679   2021-04-25  19:18:13        02:47    596    0.2     47568   9216180  java -jar PerformanceAnalyze.jar
   29679   2021-04-25  19:18:14        02:48    595    0.2     49680   9216180  java -jar PerformanceAnalyze.jar
   29679   2021-04-25  19:18:15        02:49    593    0.2     54192   9682128  java -jar PerformanceAnalyze.jar
   29679   2021-04-25  19:18:16        02:50    591    0.2     53356  10148076  java -jar PerformanceAnalyze.jar
   29679   2021-04-25  19:18:17        02:51    589    0.2     57844  10148076  java -jar PerformanceAnalyze.jar
   29679   2021-04-25  19:18:18        02:52    587    0.3     60244  10614024  java -jar PerformanceAnalyze.jar
   29679   2021-04-25  19:18:19        02:53    586    0.3     62356  10614024  java -jar PerformanceAnalyze.jar
   29679   2021-04-25  19:18:20        02:54    583    0.3     67916  10752292  java -jar PerformanceAnalyze.jar
   29679   2021-04-25  19:18:21        02:55    582    0.3     67916  10752292  java -jar PerformanceAnalyze.jar
   29679   2021-04-25  19:18:22        02:56    580    0.4     86884  10759488  java -jar PerformanceAnalyze.jar
   29679   2021-04-25  19:18:23        02:58    575    0.4     89016  10766684  java -jar PerformanceAnalyze.jar
   29679   2021-04-25  19:18:24        02:59    574    0.4     89016  10766684  java -jar PerformanceAnalyze.jar
   29679   2021-04-25  19:18:26        03:00    572    0.4     91680  10773880  java -jar PerformanceAnalyze.jar
   29679   2021-04-25  19:18:27        03:01    570    0.4     91956  10781076  java -jar PerformanceAnalyze.jar
   29679   2021-04-25  19:18:28        03:02    569    0.4     94068  10781076  java -jar PerformanceAnalyze.jar
   29679   2021-04-25  19:18:29        03:03    567    0.8    164612  10782104  java -jar PerformanceAnalyze.jar
   29679   2021-04-25  19:18:30        03:04    566    2.2    446244  10789300  java -jar PerformanceAnalyze.jar
   29679   2021-04-25  19:18:31        03:05    567    2.2    446768  10789300  java -jar PerformanceAnalyze.jar
   29679   2021-04-25  19:18:32        03:06    569    2.2    444740  10789300  java -jar PerformanceAnalyze.jar
   29679   2021-04-25  19:18:33        03:07    570    2.2    446044  10789300  java -jar PerformanceAnalyze.jar
   29679   2021-04-25  19:18:34        03:08    572    2.2    448684  10789300  java -jar PerformanceAnalyze.jar
   29679   2021-04-25  19:18:35        03:09    573    2.2    450792  10789300  java -jar PerformanceAnalyze.jar
   29679   2021-04-25  19:18:36        03:10    575    2.2    453960  10789300  java -jar PerformanceAnalyze.jar
   29679   2021-04-25  19:18:37        03:11    573    3.4    683024  10789300  java -jar PerformanceAnalyze.jar
   29679   2021-04-25  19:18:38        03:12    573    3.9    784868  10789300  java -jar PerformanceAnalyze.jar
   29679   2021-04-25  19:18:39        03:13    574    3.9    784868  10789300  java -jar PerformanceAnalyze.jar
   29679   2021-04-25  19:18:40        03:14    576    3.9    785128  10789300  java -jar PerformanceAnalyze.jar
   29679   2021-04-25  19:18:41        03:15    577    3.9    786724  10789300  java -jar PerformanceAnalyze.jar
   29679   2021-04-25  19:18:42        03:16    579    3.9    789096  10789300  java -jar PerformanceAnalyze.jar
   29679   2021-04-25  19:18:44        03:18    577    3.9    792788  10789300  java -jar PerformanceAnalyze.jar
   29679   2021-04-25  19:18:45        03:19    579    3.9    797012  10789300  java -jar PerformanceAnalyze.jar
   29679   2021-04-25  19:18:46        03:20    578    4.4    890484  10789300  java -jar PerformanceAnalyze.jar
   29679   2021-04-25  19:18:47        03:21    577    5.0   1020584  10789300  java -jar PerformanceAnalyze.jar
   29679   2021-04-25  19:18:48        03:22    579    5.0   1020584  10789300  java -jar PerformanceAnalyze.jar
   29679   2021-04-25  19:18:49        03:23    580    5.0   1020584  10789300  java -jar PerformanceAnalyze.jar
   29679   2021-04-25  19:18:50        03:24    581    5.0   1021636  10789300  java -jar PerformanceAnalyze.jar
   29679   2021-04-25  19:18:51        03:25    583    5.1   1022692  10789300  java -jar PerformanceAnalyze.jar
   29679   2021-04-25  19:18:52        03:26    584    5.1   1023748  10789300  java -jar PerformanceAnalyze.jar
   29679   2021-04-25  19:18:53        03:27    585    5.1   1024540  10789300  java -jar PerformanceAnalyze.jar
   29679   2021-04-25  19:18:54        03:28    585    5.1   1025980  10789300  java -jar PerformanceAnalyze.jar
   29679   2021-04-25  19:18:55        03:29    584   10.9   2191600  10789300  java -jar PerformanceAnalyze.jar
   29679   2021-04-25  19:18:56        03:30    585    9.2   1849820  10789300  java -jar PerformanceAnalyze.jar
   29679   2021-04-25  19:18:57        03:31    586    9.2   1849820  10789300  java -jar PerformanceAnalyze.jar
   29679   2021-04-25  19:18:58        03:32    587    9.2   1849820  10789300  java -jar PerformanceAnalyze.jar
   29679   2021-04-25  19:18:59        03:33    589    9.2   1849820  10789300  java -jar PerformanceAnalyze.jar
   29679   2021-04-25  19:19:01        03:35    587    9.2   1849820  10789300  java -jar PerformanceAnalyze.jar
   29679   2021-04-25  19:19:02        03:36    588    9.2   1849820  10789300  java -jar PerformanceAnalyze.jar
   29679   2021-04-25  19:19:03        03:37    589    9.2   1849820  10789300  java -jar PerformanceAnalyze.jar
   29679   2021-04-25  19:19:04        03:38    588    9.2   1849820  10789300  java -jar PerformanceAnalyze.jar
   29679   2021-04-25  19:19:05        03:39    588   12.3   2474364  10789300  java -jar PerformanceAnalyze.jar
   29679   2021-04-25  19:19:06        03:40    589   12.3   2474364  10789300  java -jar PerformanceAnalyze.jar
   29679   2021-04-25  19:19:07        03:41    590   12.3   2474364  10789300  java -jar PerformanceAnalyze.jar
   29679   2021-04-25  19:19:08        03:42    591   12.3   2474364  10789300  java -jar PerformanceAnalyze.jar
   29679   2021-04-25  19:19:09        03:43    593   12.3   2474364  10789300  java -jar PerformanceAnalyze.jar
   29679   2021-04-25  19:19:10        03:44    594   12.3   2474364  10789300  java -jar PerformanceAnalyze.jar
   29679   2021-04-25  19:19:11        03:45    595   12.3   2474364  10789300  java -jar PerformanceAnalyze.jar
   29679   2021-04-25  19:19:12        03:46    594   12.3   2474400  10789300  java -jar PerformanceAnalyze.jar
   29679   2021-04-25  19:19:13        03:47    594   12.3   2484144  10789300  java -jar PerformanceAnalyze.jar
   29679   2021-04-25  19:19:14        03:48    595   12.3   2484144  10789300  java -jar PerformanceAnalyze.jar
   29679   2021-04-25  19:19:15        03:49    596   12.3   2484144  10789300  java -jar PerformanceAnalyze.jar
   29679   2021-04-25  19:19:16        03:50    597   12.3   2484144  10789300  java -jar PerformanceAnalyze.jar
   29679   2021-04-25  19:19:18        03:52    596   12.3   2484144  10789300  java -jar PerformanceAnalyze.jar
   29679   2021-04-25  19:19:19        03:53    597   12.3   2484144  10789300  java -jar PerformanceAnalyze.jar
   29679   2021-04-25  19:19:20        03:54    598   12.3   2484144  10789300  java -jar PerformanceAnalyze.jar
   29679   2021-04-25  19:19:21        03:55    597   12.6   2541832  10789300  java -jar PerformanceAnalyze.jar
   29679   2021-04-25  19:19:22        03:56    597   12.6   2542088  10789300  java -jar PerformanceAnalyze.jar
   29679   2021-04-25  19:19:23        03:57    598   12.6   2542088  10789300  java -jar PerformanceAnalyze.jar
   29679   2021-04-25  19:19:24        03:58    599   12.6   2542088  10789300  java -jar PerformanceAnalyze.jar
   29679   2021-04-25  19:19:25        03:59    600   12.6   2542088  10789300  java -jar PerformanceAnalyze.jar
   29679   2021-04-25  19:19:26        04:00    601   12.6   2542088  10789300  java -jar PerformanceAnalyze.jar
   29679   2021-04-25  19:19:27        04:01    602   12.6   2542088  10789300  java -jar PerformanceAnalyze.jar
   29679   2021-04-25  19:19:28        04:02    603   12.6   2542088  10789300  java -jar PerformanceAnalyze.jar
   29679   2021-04-25  19:19:29        04:03    602   12.6   2541988  10789300  java -jar PerformanceAnalyze.jar
   29679   2021-04-25  19:19:30        04:04    602   12.6   2541988  10789300  java -jar PerformanceAnalyze.jar
   29679   2021-04-25  19:19:31        04:05    603   12.6   2541988  10789300  java -jar PerformanceAnalyze.jar
   29679   2021-04-25  19:19:32        04:06    604   12.6   2541988  10789300  java -jar PerformanceAnalyze.jar
   29679   2021-04-25  19:19:33        04:07    605   12.6   2541988  10789300  java -jar PerformanceAnalyze.jar
   29679   2021-04-25  19:19:35        04:09    604   12.6   2541988  10789300  java -jar PerformanceAnalyze.jar
   29679   2021-04-25  19:19:36        04:10    605   12.6   2541988  10789300  java -jar PerformanceAnalyze.jar
   29679   2021-04-25  19:19:37        04:11    605   12.6   2541988  10789300  java -jar PerformanceAnalyze.jar
   29679   2021-04-25  19:19:38        04:12    604   12.6   2542088  10789300  java -jar PerformanceAnalyze.jar
   29679   2021-04-25  19:19:39        04:13    604   13.6   2729196  10789300  java -jar PerformanceAnalyze.jar
   29679   2021-04-25  19:19:40        04:14    605   13.6   2729196  10789300  java -jar PerformanceAnalyze.jar
   29679   2021-04-25  19:19:41        04:15    606   13.6   2729196  10789300  java -jar PerformanceAnalyze.jar
   29679   2021-04-25  19:19:42        04:16    607   13.6   2729196  10789300  java -jar PerformanceAnalyze.jar
   29679   2021-04-25  19:19:43        04:17    608   13.6   2729196  10789300  java -jar PerformanceAnalyze.jar
   29679   2021-04-25  19:19:44        04:18    609   13.6   2729196  10789300  java -jar PerformanceAnalyze.jar
   29679   2021-04-25  19:19:45        04:19    610   13.6   2729196  10789300  java -jar PerformanceAnalyze.jar
   29679   2021-04-25  19:19:46        04:20    609   13.6   2729196  10789300  java -jar PerformanceAnalyze.jar
   29679   2021-04-25  19:19:47        04:21    609   13.6   2729196  10789300  java -jar PerformanceAnalyze.jar
   29679   2021-04-25  19:19:48        04:22    610   13.6   2729196  10789300  java -jar PerformanceAnalyze.jar
   29679   2021-04-25  19:19:49        04:23    611   13.6   2729196  10789300  java -jar PerformanceAnalyze.jar
   29679   2021-04-25  19:19:50        04:24    612   13.6   2729196  10789300  java -jar PerformanceAnalyze.jar
   29679   2021-04-25  19:19:51        04:26    610   13.6   2729196  10789300  java -jar PerformanceAnalyze.jar
   29679   2021-04-25  19:19:53        04:27    611   13.6   2729196  10789300  java -jar PerformanceAnalyze.jar
   29679   2021-04-25  19:19:54        04:28    612   13.6   2729196  10789300  java -jar PerformanceAnalyze.jar
   29679   2021-04-25  19:19:55        04:29    610   13.6   2729232  10789300  java -jar PerformanceAnalyze.jar
   29679   2021-04-25  19:19:56        04:30    611   13.6   2729232  10789300  java -jar PerformanceAnalyze.jar
   29679   2021-04-25  19:19:57        04:31    612   13.6   2729232  10789300  java -jar PerformanceAnalyze.jar
   29679   2021-04-25  19:19:58        04:32    613   13.6   2729232  10789300  java -jar PerformanceAnalyze.jar
   29679   2021-04-25  19:19:59        04:33    613   13.6   2729232  10789300  java -jar PerformanceAnalyze.jar
   29679   2021-04-25  19:20:00        04:34    614   13.6   2729232  10789300  java -jar PerformanceAnalyze.jar
   29679   2021-04-25  19:20:01        04:35    615   13.6   2729232  10789300  java -jar PerformanceAnalyze.jar
   29679   2021-04-25  19:20:02        04:36    616   13.6   2729232  10789300  java -jar PerformanceAnalyze.jar
   29679   2021-04-25  19:20:03        04:37    614    0.0         0         0  [java] <defunct>
