     PID         DATE      TIME      ELAPSED    CPU    MEM       RSS     VSIZE       CMD
    6000   2021-04-28  13:29:31        00:00    0.0    0.0     18176   7149416  java -jar PerformanceAnalyze.jar
    6000   2021-04-28  13:29:32        00:01    799    0.1     27140   8350848  java -jar PerformanceAnalyze.jar
    6000   2021-04-28  13:29:33        00:02    821    0.1     27140   8350848  java -jar PerformanceAnalyze.jar
    6000   2021-04-28  13:29:34        00:03    825    0.1     27140   8350848  java -jar PerformanceAnalyze.jar
    6000   2021-04-28  13:29:35        00:04    828    0.1     27140   8350848  java -jar PerformanceAnalyze.jar
    6000   2021-04-28  13:29:36        00:05    829    0.1     27140   8350848  java -jar PerformanceAnalyze.jar
    6000   2021-04-28  13:29:37        00:06    829    0.1     27404   8350848  java -jar PerformanceAnalyze.jar
    6000   2021-04-28  13:29:38        00:07    830    0.1     27404   8350848  java -jar PerformanceAnalyze.jar
    6000   2021-04-28  13:29:39        00:08    831    0.1     27404   8350848  java -jar PerformanceAnalyze.jar
    6000   2021-04-28  13:29:40        00:09    817    0.1     34048   8350848  java -jar PerformanceAnalyze.jar
    6000   2021-04-28  13:29:41        00:10    819    0.1     34048   8350848  java -jar PerformanceAnalyze.jar
    6000   2021-04-28  13:29:42        00:11    819    0.1     34048   8350848  java -jar PerformanceAnalyze.jar
    6000   2021-04-28  13:29:43        00:12    818    0.1     34048   8350848  java -jar PerformanceAnalyze.jar
    6000   2021-04-28  13:29:44        00:13    819    0.1     34048   8350848  java -jar PerformanceAnalyze.jar
    6000   2021-04-28  13:29:45        00:14    821    0.1     34048   8350848  java -jar PerformanceAnalyze.jar
    6000   2021-04-28  13:29:46        00:15    822    0.1     34048   8350848  java -jar PerformanceAnalyze.jar
    6000   2021-04-28  13:29:47        00:16    823    0.1     34048   8350848  java -jar PerformanceAnalyze.jar
    6000   2021-04-28  13:29:48        00:17    824    0.1     34048   8350848  java -jar PerformanceAnalyze.jar
    6000   2021-04-28  13:29:50        00:19    774    0.1     34084   8350848  java -jar PerformanceAnalyze.jar
    6000   2021-04-28  13:29:51        00:20    778    0.1     34084   8350848  java -jar PerformanceAnalyze.jar
    6000   2021-04-28  13:29:52        00:21    781    0.1     34084   8350848  java -jar PerformanceAnalyze.jar
    6000   2021-04-28  13:29:53        00:22    784    0.1     34084   8350848  java -jar PerformanceAnalyze.jar
    6000   2021-04-28  13:29:54        00:23    787    0.1     34084   8350848  java -jar PerformanceAnalyze.jar
    6000   2021-04-28  13:29:55        00:24    790    0.1     34084   8350848  java -jar PerformanceAnalyze.jar
    6000   2021-04-28  13:29:56        00:25    792    0.1     34084   8350848  java -jar PerformanceAnalyze.jar
    6000   2021-04-28  13:29:57        00:26    794    0.1     34084   8350848  java -jar PerformanceAnalyze.jar
    6000   2021-04-28  13:29:58        00:27    796    0.1     34084   8350848  java -jar PerformanceAnalyze.jar
    6000   2021-04-28  13:29:59        00:28    799    0.1     34084   8350848  java -jar PerformanceAnalyze.jar
    6000   2021-04-28  13:30:00        00:29    796    0.1     34112   8350848  java -jar PerformanceAnalyze.jar
    6000   2021-04-28  13:30:01        00:30    796    0.1     34908   8350848  java -jar PerformanceAnalyze.jar
    6000   2021-04-28  13:30:02        00:31    798    0.1     34908   8350848  java -jar PerformanceAnalyze.jar
    6000   2021-04-28  13:30:03        00:32    800    0.1     34908   8350848  java -jar PerformanceAnalyze.jar
    6000   2021-04-28  13:30:04        00:33    801    0.1     34908   8350848  java -jar PerformanceAnalyze.jar
    6000   2021-04-28  13:30:05        00:34    803    0.1     34908   8350848  java -jar PerformanceAnalyze.jar
    6000   2021-04-28  13:30:07        00:36    781    0.1     34908   8350848  java -jar PerformanceAnalyze.jar
    6000   2021-04-28  13:30:08        00:37    783    0.1     34908   8350848  java -jar PerformanceAnalyze.jar
    6000   2021-04-28  13:30:09        00:38    785    0.1     35696   8350848  java -jar PerformanceAnalyze.jar
    6000   2021-04-28  13:30:10        00:39    787    0.1     35696   8350848  java -jar PerformanceAnalyze.jar
    6000   2021-04-28  13:30:11        00:40    788    0.1     34940   8350848  java -jar PerformanceAnalyze.jar
    6000   2021-04-28  13:30:12        00:41    787    0.1     34972   8350848  java -jar PerformanceAnalyze.jar
    6000   2021-04-28  13:30:13        00:42    788    0.1     34972   8350848  java -jar PerformanceAnalyze.jar
    6000   2021-04-28  13:30:14        00:43    790    0.1     34972   8350848  java -jar PerformanceAnalyze.jar
    6000   2021-04-28  13:30:15        00:44    791    0.1     34972   8350848  java -jar PerformanceAnalyze.jar
    6000   2021-04-28  13:30:16        00:45    793    0.1     34972   8350848  java -jar PerformanceAnalyze.jar
    6000   2021-04-28  13:30:17        00:46    794    0.1     34972   8350848  java -jar PerformanceAnalyze.jar
    6000   2021-04-28  13:30:18        00:47    795    0.1     34972   8350848  java -jar PerformanceAnalyze.jar
    6000   2021-04-28  13:30:19        00:48    797    0.1     34972   8350848  java -jar PerformanceAnalyze.jar
    6000   2021-04-28  13:30:20        00:49    798    0.1     34972   8350848  java -jar PerformanceAnalyze.jar
    6000   2021-04-28  13:30:22        00:51    783    0.1     34972   8350848  java -jar PerformanceAnalyze.jar
    6000   2021-04-28  13:30:23        00:52    783    0.1     34988   8350848  java -jar PerformanceAnalyze.jar
    6000   2021-04-28  13:30:24        00:53    782    0.1     35004   8350848  java -jar PerformanceAnalyze.jar
    6000   2021-04-28  13:30:25        00:54    784    0.1     35004   8350848  java -jar PerformanceAnalyze.jar
    6000   2021-04-28  13:30:26        00:55    785    0.1     35004   8350848  java -jar PerformanceAnalyze.jar
    6000   2021-04-28  13:30:27        00:56    786    0.1     35004   8350848  java -jar PerformanceAnalyze.jar
    6000   2021-04-28  13:30:28        00:57    787    0.1     35004   8350848  java -jar PerformanceAnalyze.jar
    6000   2021-04-28  13:30:29        00:58    788    0.1     35004   8350848  java -jar PerformanceAnalyze.jar
    6000   2021-04-28  13:30:30        00:59    789    0.1     35004   8350848  java -jar PerformanceAnalyze.jar
    6000   2021-04-28  13:30:31        01:00    790    0.1     35004   8350848  java -jar PerformanceAnalyze.jar
    6000   2021-04-28  13:30:32        01:01    791    0.1     35004   8350848  java -jar PerformanceAnalyze.jar
    6000   2021-04-28  13:30:33        01:02    791    0.1     35004   8350848  java -jar PerformanceAnalyze.jar
    6000   2021-04-28  13:30:34        01:03    791    0.1     35040   8350848  java -jar PerformanceAnalyze.jar
    6000   2021-04-28  13:30:35        01:04    792    0.1     35040   8350848  java -jar PerformanceAnalyze.jar
    6000   2021-04-28  13:30:36        01:05    792    0.1     35040   8350848  java -jar PerformanceAnalyze.jar
    6000   2021-04-28  13:30:37        01:06    793    0.1     35040   8350848  java -jar PerformanceAnalyze.jar
    6000   2021-04-28  13:30:38        01:08    782    0.1     35040   8350848  java -jar PerformanceAnalyze.jar
    6000   2021-04-28  13:30:40        01:09    783    0.1     35040   8350848  java -jar PerformanceAnalyze.jar
    6000   2021-04-28  13:30:41        01:10    784    0.1     35040   8350848  java -jar PerformanceAnalyze.jar
    6000   2021-04-28  13:30:42        01:11    785    0.1     35040   8350848  java -jar PerformanceAnalyze.jar
    6000   2021-04-28  13:30:43        01:12    786    0.1     35040   8350848  java -jar PerformanceAnalyze.jar
    6000   2021-04-28  13:30:44        01:13    787    0.1     35040   8350848  java -jar PerformanceAnalyze.jar
    6000   2021-04-28  13:30:45        01:14    787    0.1     35044   8350848  java -jar PerformanceAnalyze.jar
    6000   2021-04-28  13:30:46        01:15    787    0.1     35072   8350848  java -jar PerformanceAnalyze.jar
    6000   2021-04-28  13:30:47        01:16    788    0.1     35072   8350848  java -jar PerformanceAnalyze.jar
    6000   2021-04-28  13:30:48        01:17    788    0.1     35072   8350848  java -jar PerformanceAnalyze.jar
    6000   2021-04-28  13:30:49        01:18    789    0.1     35072   8350848  java -jar PerformanceAnalyze.jar
    6000   2021-04-28  13:30:50        01:19    790    0.1     35072   8350848  java -jar PerformanceAnalyze.jar
    6000   2021-04-28  13:30:51        01:20    790    0.1     35072   8350848  java -jar PerformanceAnalyze.jar
    6000   2021-04-28  13:30:52        01:21    791    0.1     35072   8350848  java -jar PerformanceAnalyze.jar
    6000   2021-04-28  13:30:53        01:22    792    0.1     35072   8350848  java -jar PerformanceAnalyze.jar
    6000   2021-04-28  13:30:54        01:23    792    0.1     35072   8350848  java -jar PerformanceAnalyze.jar
    6000   2021-04-28  13:30:55        01:24    793    0.1     35072   8350848  java -jar PerformanceAnalyze.jar
    6000   2021-04-28  13:30:57        01:26    783    0.1     35108   8350848  java -jar PerformanceAnalyze.jar
    6000   2021-04-28  13:30:58        01:27    784    0.1     35108   8350848  java -jar PerformanceAnalyze.jar
    6000   2021-04-28  13:30:59        01:28    785    0.1     35108   8350848  java -jar PerformanceAnalyze.jar
    6000   2021-04-28  13:31:00        01:29    786    0.1     35108   8350848  java -jar PerformanceAnalyze.jar
    6000   2021-04-28  13:31:01        01:30    786    0.1     35108   8350848  java -jar PerformanceAnalyze.jar
    6000   2021-04-28  13:31:02        01:31    787    0.1     35108   8350848  java -jar PerformanceAnalyze.jar
    6000   2021-04-28  13:31:03        01:32    788    0.1     35108   8350848  java -jar PerformanceAnalyze.jar
    6000   2021-04-28  13:31:04        01:33    788    0.1     35108   8350848  java -jar PerformanceAnalyze.jar
    6000   2021-04-28  13:31:05        01:34    789    0.1     35108   8350848  java -jar PerformanceAnalyze.jar
    6000   2021-04-28  13:31:06        01:35    790    0.1     35108   8350848  java -jar PerformanceAnalyze.jar
    6000   2021-04-28  13:31:07        01:36    790    0.1     35112   8350848  java -jar PerformanceAnalyze.jar
    6000   2021-04-28  13:31:08        01:37    789    0.1     35140   8350848  java -jar PerformanceAnalyze.jar
    6000   2021-04-28  13:31:09        01:38    790    0.1     35140   8350848  java -jar PerformanceAnalyze.jar
    6000   2021-04-28  13:31:10        01:39    791    0.1     35140   8350848  java -jar PerformanceAnalyze.jar
    6000   2021-04-28  13:31:11        01:40    791    0.1     35140   8350848  java -jar PerformanceAnalyze.jar
    6000   2021-04-28  13:31:12        01:42    784    0.1     35140   8350848  java -jar PerformanceAnalyze.jar
    6000   2021-04-28  13:31:14        01:43    785    0.1     35140   8350848  java -jar PerformanceAnalyze.jar
    6000   2021-04-28  13:31:15        01:44    785    0.1     35140   8350848  java -jar PerformanceAnalyze.jar
    6000   2021-04-28  13:31:16        01:45    786    0.1     35140   8350848  java -jar PerformanceAnalyze.jar
    6000   2021-04-28  13:31:17        01:46    786    0.1     35140   8350848  java -jar PerformanceAnalyze.jar
    6000   2021-04-28  13:31:18        01:47    787    0.1     35140   8350848  java -jar PerformanceAnalyze.jar
    6000   2021-04-28  13:31:19        01:48    786    0.1     35172   8350848  java -jar PerformanceAnalyze.jar
    6000   2021-04-28  13:31:20        01:49    787    0.1     35172   8350848  java -jar PerformanceAnalyze.jar
    6000   2021-04-28  13:31:21        01:50    787    0.1     35172   8350848  java -jar PerformanceAnalyze.jar
    6000   2021-04-28  13:31:22        01:51    788    0.1     35172   8350848  java -jar PerformanceAnalyze.jar
    6000   2021-04-28  13:31:23        01:52    789    0.1     35172   8350848  java -jar PerformanceAnalyze.jar
    6000   2021-04-28  13:31:24        01:53    789    0.1     35172   8350848  java -jar PerformanceAnalyze.jar
    6000   2021-04-28  13:31:25        01:54    790    0.1     35172   8350848  java -jar PerformanceAnalyze.jar
    6000   2021-04-28  13:31:26        01:55    790    0.1     35172   8350848  java -jar PerformanceAnalyze.jar
    6000   2021-04-28  13:31:27        01:56    791    0.1     35172   8350848  java -jar PerformanceAnalyze.jar
    6000   2021-04-28  13:31:29        01:58    784    0.1     35172   8350848  java -jar PerformanceAnalyze.jar
    6000   2021-04-28  13:31:30        01:59    785    0.1     35176   8350848  java -jar PerformanceAnalyze.jar
    6000   2021-04-28  13:31:31        02:00    780    0.1     35968   8350848  java -jar PerformanceAnalyze.jar
    6000   2021-04-28  13:31:32        02:01    774    0.1     35520   8350848  java -jar PerformanceAnalyze.jar
    6000   2021-04-28  13:31:33        02:02    769    0.1     35520   8350848  java -jar PerformanceAnalyze.jar
    6000   2021-04-28  13:31:34        02:03    763    0.1     35520   8350848  java -jar PerformanceAnalyze.jar
    6000   2021-04-28  13:31:35        02:04    758    0.1     35844   8350848  java -jar PerformanceAnalyze.jar
    6000   2021-04-28  13:31:36        02:05    753    0.1     35844   8350848  java -jar PerformanceAnalyze.jar
    6000   2021-04-28  13:31:37        02:06    748    0.1     35844   8350848  java -jar PerformanceAnalyze.jar
    6000   2021-04-28  13:31:38        02:07    742    0.1     35844   8350848  java -jar PerformanceAnalyze.jar
    6000   2021-04-28  13:31:39        02:08    737    0.1     35844   8350848  java -jar PerformanceAnalyze.jar
    6000   2021-04-28  13:31:40        02:09    732    0.1     35844   8350848  java -jar PerformanceAnalyze.jar
    6000   2021-04-28  13:31:41        02:10    728    0.1     35844   8350848  java -jar PerformanceAnalyze.jar
    6000   2021-04-28  13:31:42        02:11    723    0.1     35844   8350848  java -jar PerformanceAnalyze.jar
    6000   2021-04-28  13:31:43        02:12    718    0.1     35844   8350848  java -jar PerformanceAnalyze.jar
    6000   2021-04-28  13:31:44        02:13    713    0.1     35844   8350848  java -jar PerformanceAnalyze.jar
    6000   2021-04-28  13:31:45        02:14    709    0.1     35844   8350848  java -jar PerformanceAnalyze.jar
    6000   2021-04-28  13:31:46        02:15    704    0.1     35844   8350848  java -jar PerformanceAnalyze.jar
    6000   2021-04-28  13:31:47        02:16    700    0.1     35844   8350848  java -jar PerformanceAnalyze.jar
    6000   2021-04-28  13:31:48        02:17    696    0.1     35844   8350848  java -jar PerformanceAnalyze.jar
    6000   2021-04-28  13:31:49        02:18    691    0.1     35844   8350848  java -jar PerformanceAnalyze.jar
    6000   2021-04-28  13:31:50        02:19    687    0.1     35844   8350848  java -jar PerformanceAnalyze.jar
    6000   2021-04-28  13:31:51        02:20    683    0.1     35844   8350848  java -jar PerformanceAnalyze.jar
    6000   2021-04-28  13:31:52        02:21    679    0.1     35844   8350848  java -jar PerformanceAnalyze.jar
    6000   2021-04-28  13:31:53        02:22    675    0.1     35844   8350848  java -jar PerformanceAnalyze.jar
    6000   2021-04-28  13:31:54        02:23    671    0.1     35844   8350848  java -jar PerformanceAnalyze.jar
    6000   2021-04-28  13:31:55        02:24    667    0.1     35844   8350848  java -jar PerformanceAnalyze.jar
    6000   2021-04-28  13:31:56        02:25    663    0.1     35844   8350848  java -jar PerformanceAnalyze.jar
    6000   2021-04-28  13:31:57        02:26    659    0.1     35844   8350848  java -jar PerformanceAnalyze.jar
    6000   2021-04-28  13:31:58        02:27    655    0.1     35844   8350848  java -jar PerformanceAnalyze.jar
    6000   2021-04-28  13:31:59        02:28    651    0.1     35844   8350848  java -jar PerformanceAnalyze.jar
    6000   2021-04-28  13:32:00        02:29    648    0.1     35844   8350848  java -jar PerformanceAnalyze.jar
    6000   2021-04-28  13:32:01        02:30    644    0.1     35844   8350848  java -jar PerformanceAnalyze.jar
    6000   2021-04-28  13:32:02        02:31    640    0.1     35844   8350848  java -jar PerformanceAnalyze.jar
    6000   2021-04-28  13:32:03        02:32    637    0.1     35844   8350848  java -jar PerformanceAnalyze.jar
    6000   2021-04-28  13:32:04        02:33    633    0.1     35844   8350848  java -jar PerformanceAnalyze.jar
    6000   2021-04-28  13:32:05        02:34    630    0.1     35844   8350848  java -jar PerformanceAnalyze.jar
    6000   2021-04-28  13:32:06        02:35    627    0.1     35844   8350848  java -jar PerformanceAnalyze.jar
    6000   2021-04-28  13:32:07        02:36    623    0.1     35844   8350848  java -jar PerformanceAnalyze.jar
    6000   2021-04-28  13:32:08        02:37    620    0.1     35844   8350848  java -jar PerformanceAnalyze.jar
    6000   2021-04-28  13:32:09        02:38    617    0.1     35844   8350848  java -jar PerformanceAnalyze.jar
    6000   2021-04-28  13:32:10        02:39    613    0.1     35844   8350848  java -jar PerformanceAnalyze.jar
    6000   2021-04-28  13:32:11        02:40    610    0.1     35844   8350848  java -jar PerformanceAnalyze.jar
    6000   2021-04-28  13:32:12        02:41    607    0.1     35844   8350848  java -jar PerformanceAnalyze.jar
    6000   2021-04-28  13:32:13        02:42    605    0.2     40356   8350848  java -jar PerformanceAnalyze.jar
    6000   2021-04-28  13:32:14        02:43    603    0.2     44868   8750232  java -jar PerformanceAnalyze.jar
    6000   2021-04-28  13:32:15        02:44    601    0.2     47528   9216180  java -jar PerformanceAnalyze.jar
    6000   2021-04-28  13:32:16        02:45    599    0.2     48864   9216180  java -jar PerformanceAnalyze.jar
    6000   2021-04-28  13:32:17        02:46    597    0.2     51528   9682128  java -jar PerformanceAnalyze.jar
    6000   2021-04-28  13:32:18        02:47    595    0.2     53652  10148076  java -jar PerformanceAnalyze.jar
    6000   2021-04-28  13:32:19        02:48    593    0.2     57876  10148076  java -jar PerformanceAnalyze.jar
    6000   2021-04-28  13:32:20        02:49    591    0.3     60280  10614024  java -jar PerformanceAnalyze.jar
    6000   2021-04-28  13:32:21        02:50    589    0.3     62656  10614024  java -jar PerformanceAnalyze.jar
    6000   2021-04-28  13:32:22        02:51    587    0.3     66892  10752292  java -jar PerformanceAnalyze.jar
    6000   2021-04-28  13:32:23        02:52    585    0.3     69288  10759488  java -jar PerformanceAnalyze.jar
    6000   2021-04-28  13:32:24        02:53    584    0.4     85524  10759488  java -jar PerformanceAnalyze.jar
    6000   2021-04-28  13:32:25        02:54    582    0.4     87652  10766684  java -jar PerformanceAnalyze.jar
    6000   2021-04-28  13:32:26        02:55    579    0.4     87196  10773880  java -jar PerformanceAnalyze.jar
    6000   2021-04-28  13:32:27        02:56    578    0.4     90100  10773880  java -jar PerformanceAnalyze.jar
    6000   2021-04-28  13:32:28        02:58    573    0.4     92228  10781076  java -jar PerformanceAnalyze.jar
    6000   2021-04-28  13:32:29        02:59    571    0.6    124232  10782104  java -jar PerformanceAnalyze.jar
    6000   2021-04-28  13:32:31        03:00    569    3.0    607024  10782104  java -jar PerformanceAnalyze.jar
    6000   2021-04-28  13:32:32        03:01    570    3.0    606808  10789300  java -jar PerformanceAnalyze.jar
    6000   2021-04-28  13:32:33        03:02    572    3.0    608856  10789300  java -jar PerformanceAnalyze.jar
    6000   2021-04-28  13:32:34        03:03    573    3.0    608856  10789300  java -jar PerformanceAnalyze.jar
    6000   2021-04-28  13:32:35        03:04    575    3.0    608856  10789300  java -jar PerformanceAnalyze.jar
    6000   2021-04-28  13:32:36        03:05    576    3.0    608856  10789300  java -jar PerformanceAnalyze.jar
    6000   2021-04-28  13:32:37        03:06    578    3.0    608856  10789300  java -jar PerformanceAnalyze.jar
    6000   2021-04-28  13:32:38        03:07    579    3.0    608856  10789300  java -jar PerformanceAnalyze.jar
    6000   2021-04-28  13:32:39        03:08    577    3.7    743688  10789300  java -jar PerformanceAnalyze.jar
    6000   2021-04-28  13:32:40        03:09    577    3.8    773812  10789300  java -jar PerformanceAnalyze.jar
    6000   2021-04-28  13:32:41        03:10    579    3.8    771704  10789300  java -jar PerformanceAnalyze.jar
    6000   2021-04-28  13:32:42        03:11    580    3.8    771704  10789300  java -jar PerformanceAnalyze.jar
    6000   2021-04-28  13:32:43        03:12    581    3.8    771704  10789300  java -jar PerformanceAnalyze.jar
    6000   2021-04-28  13:32:44        03:13    583    3.8    771704  10789300  java -jar PerformanceAnalyze.jar
    6000   2021-04-28  13:32:45        03:14    584    3.8    771704  10789300  java -jar PerformanceAnalyze.jar
    6000   2021-04-28  13:32:46        03:15    586    3.8    771704  10789300  java -jar PerformanceAnalyze.jar
    6000   2021-04-28  13:32:47        03:16    584    4.8    973912  10789300  java -jar PerformanceAnalyze.jar
    6000   2021-04-28  13:32:48        03:18    581    5.1   1034680  10789300  java -jar PerformanceAnalyze.jar
    6000   2021-04-28  13:32:50        03:19    583    5.1   1034680  10789300  java -jar PerformanceAnalyze.jar
    6000   2021-04-28  13:32:51        03:20    584    5.1   1034680  10789300  java -jar PerformanceAnalyze.jar
    6000   2021-04-28  13:32:52        03:21    585    5.1   1034680  10789300  java -jar PerformanceAnalyze.jar
    6000   2021-04-28  13:32:53        03:22    587    5.1   1034680  10789300  java -jar PerformanceAnalyze.jar
    6000   2021-04-28  13:32:54        03:23    588    5.1   1034680  10789300  java -jar PerformanceAnalyze.jar
    6000   2021-04-28  13:32:55        03:24    589    5.1   1034680  10789300  java -jar PerformanceAnalyze.jar
    6000   2021-04-28  13:32:56        03:25    588    5.3   1070984  10789300  java -jar PerformanceAnalyze.jar
    6000   2021-04-28  13:32:57        03:26    588    6.9   1398176  10789300  java -jar PerformanceAnalyze.jar
    6000   2021-04-28  13:32:58        03:27    589    6.9   1398176  10789300  java -jar PerformanceAnalyze.jar
    6000   2021-04-28  13:32:59        03:28    591    6.9   1398176  10789300  java -jar PerformanceAnalyze.jar
    6000   2021-04-28  13:33:00        03:29    592    6.9   1398176  10789300  java -jar PerformanceAnalyze.jar
    6000   2021-04-28  13:33:01        03:30    593    6.9   1398176  10789300  java -jar PerformanceAnalyze.jar
    6000   2021-04-28  13:33:02        03:31    594    6.9   1398176  10789300  java -jar PerformanceAnalyze.jar
    6000   2021-04-28  13:33:03        03:32    595    6.9   1398176  10789300  java -jar PerformanceAnalyze.jar
    6000   2021-04-28  13:33:04        03:34    591    6.9   1400060  10789300  java -jar PerformanceAnalyze.jar
    6000   2021-04-28  13:33:06        03:35    592    6.9   1400060  10789300  java -jar PerformanceAnalyze.jar
    6000   2021-04-28  13:33:07        03:36    593    6.9   1400060  10789300  java -jar PerformanceAnalyze.jar
    6000   2021-04-28  13:33:08        03:37    594    6.9   1400060  10789300  java -jar PerformanceAnalyze.jar
    6000   2021-04-28  13:33:09        03:38    595    6.9   1400060  10789300  java -jar PerformanceAnalyze.jar
    6000   2021-04-28  13:33:10        03:39    597    6.9   1400060  10789300  java -jar PerformanceAnalyze.jar
    6000   2021-04-28  13:33:11        03:40    598    6.9   1400060  10789300  java -jar PerformanceAnalyze.jar
    6000   2021-04-28  13:33:12        03:41    599    6.9   1400060  10789300  java -jar PerformanceAnalyze.jar
    6000   2021-04-28  13:33:13        03:42    597    9.1   1826232  10789300  java -jar PerformanceAnalyze.jar
    6000   2021-04-28  13:33:14        03:43    597    9.1   1826232  10789300  java -jar PerformanceAnalyze.jar
    6000   2021-04-28  13:33:15        03:44    599    9.1   1826232  10789300  java -jar PerformanceAnalyze.jar
    6000   2021-04-28  13:33:16        03:45    600    9.1   1826232  10789300  java -jar PerformanceAnalyze.jar
    6000   2021-04-28  13:33:17        03:46    601    9.1   1826232  10789300  java -jar PerformanceAnalyze.jar
    6000   2021-04-28  13:33:18        03:47    602    9.1   1826232  10789300  java -jar PerformanceAnalyze.jar
    6000   2021-04-28  13:33:19        03:48    603    9.1   1826232  10789300  java -jar PerformanceAnalyze.jar
    6000   2021-04-28  13:33:20        03:49    604    9.1   1826232  10789300  java -jar PerformanceAnalyze.jar
    6000   2021-04-28  13:33:21        03:50    602    9.1   1825504  10789300  java -jar PerformanceAnalyze.jar
    6000   2021-04-28  13:33:22        03:51    603    9.1   1825504  10789300  java -jar PerformanceAnalyze.jar
    6000   2021-04-28  13:33:23        03:52    604    9.1   1825504  10789300  java -jar PerformanceAnalyze.jar
    6000   2021-04-28  13:33:24        03:54    602    9.1   1825504  10789300  java -jar PerformanceAnalyze.jar
    6000   2021-04-28  13:33:26        03:55    604    9.1   1825504  10789300  java -jar PerformanceAnalyze.jar
    6000   2021-04-28  13:33:27        03:56    605    9.1   1825504  10789300  java -jar PerformanceAnalyze.jar
    6000   2021-04-28  13:33:28        03:57    606    9.1   1825504  10789300  java -jar PerformanceAnalyze.jar
    6000   2021-04-28  13:33:29        03:58    606    9.1   1825504  10789300  java -jar PerformanceAnalyze.jar
    6000   2021-04-28  13:33:30        03:59    605   10.2   2056592  10789300  java -jar PerformanceAnalyze.jar
    6000   2021-04-28  13:33:31        04:00    606   10.2   2056592  10789300  java -jar PerformanceAnalyze.jar
    6000   2021-04-28  13:33:32        04:01    607   10.2   2056592  10789300  java -jar PerformanceAnalyze.jar
    6000   2021-04-28  13:33:33        04:02    608   10.2   2056592  10789300  java -jar PerformanceAnalyze.jar
    6000   2021-04-28  13:33:34        04:03    609   10.2   2056592  10789300  java -jar PerformanceAnalyze.jar
    6000   2021-04-28  13:33:35        04:04    610   10.2   2056592  10789300  java -jar PerformanceAnalyze.jar
    6000   2021-04-28  13:33:36        04:05    611   10.2   2056592  10789300  java -jar PerformanceAnalyze.jar
    6000   2021-04-28  13:33:37        04:06    611   10.2   2056832  10789300  java -jar PerformanceAnalyze.jar
    6000   2021-04-28  13:33:38        04:07    610   10.2   2057068  10789300  java -jar PerformanceAnalyze.jar
    6000   2021-04-28  13:33:39        04:08    611   10.2   2057068  10789300  java -jar PerformanceAnalyze.jar
    6000   2021-04-28  13:33:40        04:09    612   10.2   2057068  10789300  java -jar PerformanceAnalyze.jar
    6000   2021-04-28  13:33:42        04:11    610   10.2   2057068  10789300  java -jar PerformanceAnalyze.jar
    6000   2021-04-28  13:33:43        04:12    611   10.2   2057068  10789300  java -jar PerformanceAnalyze.jar
    6000   2021-04-28  13:33:44        04:13    612   10.2   2057068  10789300  java -jar PerformanceAnalyze.jar
    6000   2021-04-28  13:33:45        04:14    613   10.2   2057068  10789300  java -jar PerformanceAnalyze.jar
    6000   2021-04-28  13:33:46        04:15    612   10.2   2057068  10789300  java -jar PerformanceAnalyze.jar
    6000   2021-04-28  13:33:47        04:16    612   13.2   2649996  10789300  java -jar PerformanceAnalyze.jar
    6000   2021-04-28  13:33:48        04:17    613   13.2   2649996  10789300  java -jar PerformanceAnalyze.jar
    6000   2021-04-28  13:33:49        04:18    614   13.2   2649996  10789300  java -jar PerformanceAnalyze.jar
    6000   2021-04-28  13:33:50        04:19    615   13.2   2649996  10789300  java -jar PerformanceAnalyze.jar
    6000   2021-04-28  13:33:51        04:20    616   13.2   2649996  10789300  java -jar PerformanceAnalyze.jar
    6000   2021-04-28  13:33:52        04:21    617   13.2   2649996  10789300  java -jar PerformanceAnalyze.jar
    6000   2021-04-28  13:33:53        04:22    618   13.2   2649996  10789300  java -jar PerformanceAnalyze.jar
    6000   2021-04-28  13:33:54        04:23    617   13.2   2649996  10789300  java -jar PerformanceAnalyze.jar
    6000   2021-04-28  13:33:55        04:24    617   13.2   2649996  10789300  java -jar PerformanceAnalyze.jar
    6000   2021-04-28  13:33:56        04:25    618   13.2   2649996  10789300  java -jar PerformanceAnalyze.jar
    6000   2021-04-28  13:33:57        04:27    616   13.2   2649996  10789300  java -jar PerformanceAnalyze.jar
    6000   2021-04-28  13:33:59        04:28    617   13.2   2649996  10789300  java -jar PerformanceAnalyze.jar
    6000   2021-04-28  13:34:00        04:29    618   13.2   2649996  10789300  java -jar PerformanceAnalyze.jar
    6000   2021-04-28  13:34:01        04:30    619   13.2   2649996  10789300  java -jar PerformanceAnalyze.jar
    6000   2021-04-28  13:34:02        04:31    620   13.2   2649996  10789300  java -jar PerformanceAnalyze.jar
    6000   2021-04-28  13:34:03        04:32    618    0.0         0         0  [java] <defunct>
